This file contains any messages produced by compilers while
running configure, to aid debugging if configure makes a mistake.

It was created by libspectrum configure 1.4.4, which was
generated by GNU Autoconf 2.69.  Invocation command line was

  $ ./configure --disable-shared

## --------- ##
## Platform. ##
## --------- ##

hostname = raspberrypi
uname -m = aarch64
uname -r = 6.6.47+rpt-rpi-v8
uname -s = Linux
uname -v = #1 SMP PREEMPT Debian 1:6.6.47-1+rpt1 (2024-09-02)

/usr/bin/uname -p = unknown
/bin/uname -X     = unknown

/bin/arch              = aarch64
/usr/bin/arch -k       = unknown
/usr/convex/getsysinfo = unknown
/usr/bin/hostinfo      = unknown
/bin/machine           = unknown
/usr/bin/oslevel       = unknown
/bin/universe          = unknown

PATH: /usr/local/sbin
PATH: /usr/local/bin
PATH: /usr/sbin
PATH: /usr/bin
PATH: /sbin
PATH: /bin
PATH: /usr/local/games
PATH: /usr/games


## ----------- ##
## Core tests. ##
## ----------- ##

configure:2307: checking build system type
configure:2321: result: aarch64-unknown-linux-gnu
configure:2341: checking host system type
configure:2354: result: aarch64-unknown-linux-gnu
configure:2429: checking for pkg-config
configure:2447: found /usr/bin/pkg-config
configure:2459: result: /usr/bin/pkg-config
configure:2484: checking pkg-config is at least version 0.9.0
configure:2487: result: yes
configure:2527: checking for a BSD-compatible install
configure:2595: result: /usr/bin/install -c
configure:2606: checking whether build environment is sane
configure:2661: result: yes
configure:2812: checking for a thread-safe mkdir -p
configure:2851: result: /usr/bin/mkdir -p
configure:2858: checking for gawk
configure:2888: result: no
configure:2858: checking for mawk
configure:2874: found /usr/bin/mawk
configure:2885: result: mawk
configure:2896: checking whether make sets $(MAKE)
configure:2918: result: yes
configure:2947: checking whether make supports nested variables
configure:2964: result: yes
configure:3059: checking whether make supports nested variables
configure:3076: result: yes
configure:3150: checking for gcc
configure:3166: found /usr/bin/gcc
configure:3177: result: gcc
configure:3406: checking for C compiler version
configure:3415: gcc --version >&5
gcc (Debian 12.2.0-14) 12.2.0
Copyright (C) 2022 Free Software Foundation, Inc.
This is free software; see the source for copying conditions.  There is NO
warranty; not even for MERCHANTABILITY or FITNESS FOR A PARTICULAR PURPOSE.

configure:3426: $? = 0
configure:3415: gcc -v >&5
Using built-in specs.
COLLECT_GCC=gcc
COLLECT_LTO_WRAPPER=/usr/lib/gcc/aarch64-linux-gnu/12/lto-wrapper
Target: aarch64-linux-gnu
Configured with: ../src/configure -v --with-pkgversion='Debian 12.2.0-14' --with-bugurl=file:///usr/share/doc/gcc-12/README.Bugs --enable-languages=c,ada,c++,go,d,fortran,objc,obj-c++,m2 --prefix=/usr --with-gcc-major-version-only --program-suffix=-12 --program-prefix=aarch64-linux-gnu- --enable-shared --enable-linker-build-id --libexecdir=/usr/lib --without-included-gettext --enable-threads=posix --libdir=/usr/lib --enable-nls --enable-clocale=gnu --enable-libstdcxx-debug --enable-libstdcxx-time=yes --with-default-libstdcxx-abi=new --enable-gnu-unique-object --disable-libquadmath --disable-libquadmath-support --enable-plugin --enable-default-pie --with-system-zlib --enable-libphobos-checking=release --with-target-system-zlib=auto --enable-objc-gc=auto --enable-multiarch --enable-fix-cortex-a53-843419 --disable-werror --enable-checking=release --build=aarch64-linux-gnu --host=aarch64-linux-gnu --target=aarch64-linux-gnu
Thread model: posix
Supported LTO compression algorithms: zlib zstd
gcc version 12.2.0 (Debian 12.2.0-14) 
configure:3426: $? = 0
configure:3415: gcc -V >&5
gcc: error: unrecognized command-line option '-V'
gcc: fatal error: no input files
compilation terminated.
configure:3426: $? = 1
configure:3415: gcc -qversion >&5
gcc: error: unrecognized command-line option '-qversion'; did you mean '--version'?
gcc: fatal error: no input files
compilation terminated.
configure:3426: $? = 1
configure:3446: checking whether the C compiler works
configure:3468: gcc    conftest.c  >&5
configure:3472: $? = 0
configure:3520: result: yes
configure:3523: checking for C compiler default output file name
configure:3525: result: a.out
configure:3531: checking for suffix of executables
configure:3538: gcc -o conftest    conftest.c  >&5
configure:3542: $? = 0
configure:3564: result: 
configure:3586: checking whether we are cross compiling
configure:3594: gcc -o conftest    conftest.c  >&5
configure:3598: $? = 0
configure:3605: ./conftest
configure:3609: $? = 0
configure:3624: result: no
configure:3629: checking for suffix of object files
configure:3651: gcc -c   conftest.c >&5
configure:3655: $? = 0
configure:3676: result: o
configure:3680: checking whether we are using the GNU C compiler
configure:3699: gcc -c   conftest.c >&5
configure:3699: $? = 0
configure:3708: result: yes
configure:3717: checking whether gcc accepts -g
configure:3737: gcc -c -g  conftest.c >&5
configure:3737: $? = 0
configure:3778: result: yes
configure:3795: checking for gcc option to accept ISO C89
configure:3858: gcc  -c -g -O2  conftest.c >&5
configure:3858: $? = 0
configure:3871: result: none needed
configure:3902: checking for style of include used by make
configure:3930: result: GNU
configure:3956: checking dependency style of gcc
configure:4067: result: gcc3
configure:4129: checking for a C compiler for build tools
configure:4131: result: gcc
configure:4181: checking how to print strings
configure:4208: result: printf
configure:4229: checking for a sed that does not truncate output
configure:4293: result: /usr/bin/sed
configure:4311: checking for grep that handles long lines and -e
configure:4369: result: /usr/bin/grep
configure:4374: checking for egrep
configure:4436: result: /usr/bin/grep -E
configure:4441: checking for fgrep
configure:4503: result: /usr/bin/grep -F
configure:4538: checking for ld used by gcc
configure:4605: result: /usr/bin/ld
configure:4612: checking if the linker (/usr/bin/ld) is GNU ld
configure:4627: result: yes
configure:4639: checking for BSD- or MS-compatible name lister (nm)
configure:4688: result: /usr/bin/nm -B
configure:4818: checking the name lister (/usr/bin/nm -B) interface
configure:4825: gcc -c -g -O2  conftest.c >&5
configure:4828: /usr/bin/nm -B "conftest.o"
configure:4831: output
0000000000000000 B some_variable
configure:4838: result: BSD nm
configure:4841: checking whether ln -s works
configure:4845: result: yes
configure:4853: checking the maximum length of command line arguments
configure:4983: result: 1572864
configure:5000: checking whether the shell understands some XSI constructs
configure:5010: result: yes
configure:5014: checking whether the shell understands "+="
configure:5020: result: yes
configure:5055: checking how to convert aarch64-unknown-linux-gnu file names to aarch64-unknown-linux-gnu format
configure:5095: result: func_convert_file_noop
configure:5102: checking how to convert aarch64-unknown-linux-gnu file names to toolchain format
configure:5122: result: func_convert_file_noop
configure:5129: checking for /usr/bin/ld option to reload object files
configure:5136: result: -r
configure:5210: checking for objdump
configure:5226: found /usr/bin/objdump
configure:5237: result: objdump
configure:5269: checking how to recognize dependent libraries
configure:5471: result: pass_all
configure:5556: checking for dlltool
configure:5586: result: no
configure:5616: checking how to associate runtime and link libraries
configure:5643: result: printf %s\n
configure:5704: checking for ar
configure:5720: found /usr/bin/ar
configure:5731: result: ar
configure:5768: checking for archiver @FILE support
configure:5785: gcc -c -g -O2  conftest.c >&5
configure:5785: $? = 0
configure:5788: ar cru libconftest.a @conftest.lst >&5
ar: `u' modifier ignored since `D' is the default (see `U')
configure:5791: $? = 0
configure:5796: ar cru libconftest.a @conftest.lst >&5
ar: `u' modifier ignored since `D' is the default (see `U')
ar: conftest.o: No such file or directory
configure:5799: $? = 1
configure:5811: result: @
configure:5869: checking for strip
configure:5885: found /usr/bin/strip
configure:5896: result: strip
configure:5968: checking for ranlib
configure:5984: found /usr/bin/ranlib
configure:5995: result: ranlib
configure:6097: checking command to parse /usr/bin/nm -B output from gcc object
configure:6217: gcc -c -g -O2  conftest.c >&5
configure:6220: $? = 0
configure:6224: /usr/bin/nm -B conftest.o \| sed -n -e 's/^.*[ ]\([ABCDGIRSTW][ABCDGIRSTW]*\)[ ][ ]*\([_A-Za-z][_A-Za-z0-9]*\)$/\1 \2 \2/p' | sed '/ __gnu_lto/d' \> conftest.nm
configure:6227: $? = 0
configure:6293: gcc -o conftest -g -O2   conftest.c conftstm.o >&5
configure:6296: $? = 0
configure:6334: result: ok
configure:6371: checking for sysroot
configure:6401: result: no
configure:6657: checking for mt
configure:6673: found /usr/bin/mt
configure:6684: result: mt
configure:6707: checking if mt is a manifest tool
configure:6713: mt '-?'
configure:6721: result: no
configure:7363: checking how to run the C preprocessor
configure:7394: gcc -E  conftest.c
configure:7394: $? = 0
configure:7408: gcc -E  conftest.c
conftest.c:13:10: fatal error: ac_nonexistent.h: No such file or directory
   13 | #include <ac_nonexistent.h>
      |          ^~~~~~~~~~~~~~~~~~
compilation terminated.
configure:7408: $? = 1
configure: failed program was:
| /* confdefs.h */
| #define PACKAGE_NAME "libspectrum"
| #define PACKAGE_TARNAME "libspectrum"
| #define PACKAGE_VERSION "1.4.4"
| #define PACKAGE_STRING "libspectrum 1.4.4"
| #define PACKAGE_BUGREPORT "http://sourceforge.net/p/fuse-emulator/bugs/"
| #define PACKAGE_URL "http://fuse-emulator.sourceforge.net/libspectrum.php"
| #define PACKAGE "libspectrum"
| #define VERSION "1.4.4"
| #define LIBSPECTRUM_RC_VERSION 1,4,4,0
| #define LIBSPECTRUM_COPYRIGHT "(c) 1999-2018 Philip Kendall and others"
| /* end confdefs.h.  */
| #include <ac_nonexistent.h>
configure:7433: result: gcc -E
configure:7453: gcc -E  conftest.c
configure:7453: $? = 0
configure:7467: gcc -E  conftest.c
conftest.c:13:10: fatal error: ac_nonexistent.h: No such file or directory
   13 | #include <ac_nonexistent.h>
      |          ^~~~~~~~~~~~~~~~~~
compilation terminated.
configure:7467: $? = 1
configure: failed program was:
| /* confdefs.h */
| #define PACKAGE_NAME "libspectrum"
| #define PACKAGE_TARNAME "libspectrum"
| #define PACKAGE_VERSION "1.4.4"
| #define PACKAGE_STRING "libspectrum 1.4.4"
| #define PACKAGE_BUGREPORT "http://sourceforge.net/p/fuse-emulator/bugs/"
| #define PACKAGE_URL "http://fuse-emulator.sourceforge.net/libspectrum.php"
| #define PACKAGE "libspectrum"
| #define VERSION "1.4.4"
| #define LIBSPECTRUM_RC_VERSION 1,4,4,0
| #define LIBSPECTRUM_COPYRIGHT "(c) 1999-2018 Philip Kendall and others"
| /* end confdefs.h.  */
| #include <ac_nonexistent.h>
configure:7496: checking for ANSI C header files
configure:7516: gcc -c -g -O2  conftest.c >&5
configure:7516: $? = 0
configure:7589: gcc -o conftest -g -O2   conftest.c  >&5
configure:7589: $? = 0
configure:7589: ./conftest
configure:7589: $? = 0
configure:7600: result: yes
configure:7613: checking for sys/types.h
configure:7613: gcc -c -g -O2  conftest.c >&5
configure:7613: $? = 0
configure:7613: result: yes
configure:7613: checking for sys/stat.h
configure:7613: gcc -c -g -O2  conftest.c >&5
configure:7613: $? = 0
configure:7613: result: yes
configure:7613: checking for stdlib.h
configure:7613: gcc -c -g -O2  conftest.c >&5
configure:7613: $? = 0
configure:7613: result: yes
configure:7613: checking for string.h
configure:7613: gcc -c -g -O2  conftest.c >&5
configure:7613: $? = 0
configure:7613: result: yes
configure:7613: checking for memory.h
configure:7613: gcc -c -g -O2  conftest.c >&5
configure:7613: $? = 0
configure:7613: result: yes
configure:7613: checking for strings.h
configure:7613: gcc -c -g -O2  conftest.c >&5
configure:7613: $? = 0
configure:7613: result: yes
configure:7613: checking for inttypes.h
configure:7613: gcc -c -g -O2  conftest.c >&5
configure:7613: $? = 0
configure:7613: result: yes
configure:7613: checking for stdint.h
configure:7613: gcc -c -g -O2  conftest.c >&5
configure:7613: $? = 0
configure:7613: result: yes
configure:7613: checking for unistd.h
configure:7613: gcc -c -g -O2  conftest.c >&5
configure:7613: $? = 0
configure:7613: result: yes
configure:7627: checking for dlfcn.h
configure:7627: gcc -c -g -O2  conftest.c >&5
configure:7627: $? = 0
configure:7627: result: yes
configure:7833: checking for objdir
configure:7848: result: .libs
configure:8119: checking if gcc supports -fno-rtti -fno-exceptions
configure:8137: gcc -c -g -O2  -fno-rtti -fno-exceptions conftest.c >&5
cc1: warning: command-line option '-fno-rtti' is valid for C++/D/ObjC++ but not for C
configure:8141: $? = 0
configure:8154: result: no
configure:8481: checking for gcc option to produce PIC
configure:8488: result: -fPIC -DPIC
configure:8496: checking if gcc PIC flag -fPIC -DPIC works
configure:8514: gcc -c -g -O2  -fPIC -DPIC -DPIC conftest.c >&5
configure:8518: $? = 0
configure:8531: result: yes
configure:8560: checking if gcc static flag -static works
configure:8588: result: yes
configure:8603: checking if gcc supports -c -o file.o
configure:8624: gcc -c -g -O2  -o out/conftest2.o conftest.c >&5
configure:8628: $? = 0
configure:8650: result: yes
configure:8658: checking if gcc supports -c -o file.o
configure:8705: result: yes
configure:8738: checking whether the gcc linker (/usr/bin/ld) supports shared libraries
configure:9891: result: yes
configure:10131: checking dynamic linker characteristics
configure:10642: gcc -o conftest -g -O2   -Wl,-rpath -Wl,/foo conftest.c  >&5
configure:10642: $? = 0
configure:10868: result: GNU/Linux ld.so
configure:10975: checking how to hardcode library paths into programs
configure:11000: result: immediate
configure:11540: checking whether stripping libraries is possible
configure:11545: result: yes
configure:11580: checking if libtool supports shared libraries
configure:11582: result: yes
configure:11585: checking whether to build shared libraries
configure:11606: result: no
configure:11609: checking whether to build static libraries
configure:11613: result: yes
configure:11652: checking for perl
configure:11670: found /usr/bin/perl
configure:11682: result: /usr/bin/perl
configure:11692: checking for ANSI C header files
configure:11796: result: yes
configure:11807: checking for stdint.h
configure:11807: result: yes
configure:11807: checking for strings.h
configure:11807: result: yes
configure:11807: checking for unistd.h
configure:11807: result: yes
configure:11818: checking for an ANSI C-conforming const
configure:11884: gcc -c -g -O2  conftest.c >&5
configure:11884: $? = 0
configure:11891: result: yes
configure:12008: checking whether byte ordering is bigendian
configure:12023: gcc -c -g -O2  conftest.c >&5
conftest.c:30:16: error: unknown type name 'not'
   30 |                not a universal capable compiler
      |                ^~~
conftest.c:30:22: error: expected '=', ',', ';', 'asm' or '__attribute__' before 'universal'
   30 |                not a universal capable compiler
      |                      ^~~~~~~~~
conftest.c:30:22: error: unknown type name 'universal'
configure:12023: $? = 1
configure: failed program was:
| /* confdefs.h */
| #define PACKAGE_NAME "libspectrum"
| #define PACKAGE_TARNAME "libspectrum"
| #define PACKAGE_VERSION "1.4.4"
| #define PACKAGE_STRING "libspectrum 1.4.4"
| #define PACKAGE_BUGREPORT "http://sourceforge.net/p/fuse-emulator/bugs/"
| #define PACKAGE_URL "http://fuse-emulator.sourceforge.net/libspectrum.php"
| #define PACKAGE "libspectrum"
| #define VERSION "1.4.4"
| #define LIBSPECTRUM_RC_VERSION 1,4,4,0
| #define LIBSPECTRUM_COPYRIGHT "(c) 1999-2018 Philip Kendall and others"
| #define STDC_HEADERS 1
| #define HAVE_SYS_TYPES_H 1
| #define HAVE_SYS_STAT_H 1
| #define HAVE_STDLIB_H 1
| #define HAVE_STRING_H 1
| #define HAVE_MEMORY_H 1
| #define HAVE_STRINGS_H 1
| #define HAVE_INTTYPES_H 1
| #define HAVE_STDINT_H 1
| #define HAVE_UNISTD_H 1
| #define HAVE_DLFCN_H 1
| #define LT_OBJDIR ".libs/"
| #define STDC_HEADERS 1
| #define HAVE_STDINT_H 1
| #define HAVE_STRINGS_H 1
| #define HAVE_UNISTD_H 1
| /* end confdefs.h.  */
| #ifndef __APPLE_CC__
| 	       not a universal capable compiler
| 	     #endif
| 	     typedef int dummy;
| 
configure:12068: gcc -c -g -O2  conftest.c >&5
configure:12068: $? = 0
configure:12086: gcc -c -g -O2  conftest.c >&5
conftest.c: In function 'main':
conftest.c:36:18: error: unknown type name 'not'; did you mean 'ino_t'?
   36 |                  not big endian
      |                  ^~~
      |                  ino_t
conftest.c:36:26: error: expected '=', ',', ';', 'asm' or '__attribute__' before 'endian'
   36 |                  not big endian
      |                          ^~~~~~
configure:12086: $? = 1
configure: failed program was:
| /* confdefs.h */
| #define PACKAGE_NAME "libspectrum"
| #define PACKAGE_TARNAME "libspectrum"
| #define PACKAGE_VERSION "1.4.4"
| #define PACKAGE_STRING "libspectrum 1.4.4"
| #define PACKAGE_BUGREPORT "http://sourceforge.net/p/fuse-emulator/bugs/"
| #define PACKAGE_URL "http://fuse-emulator.sourceforge.net/libspectrum.php"
| #define PACKAGE "libspectrum"
| #define VERSION "1.4.4"
| #define LIBSPECTRUM_RC_VERSION 1,4,4,0
| #define LIBSPECTRUM_COPYRIGHT "(c) 1999-2018 Philip Kendall and others"
| #define STDC_HEADERS 1
| #define HAVE_SYS_TYPES_H 1
| #define HAVE_SYS_STAT_H 1
| #define HAVE_STDLIB_H 1
| #define HAVE_STRING_H 1
| #define HAVE_MEMORY_H 1
| #define HAVE_STRINGS_H 1
| #define HAVE_INTTYPES_H 1
| #define HAVE_STDINT_H 1
| #define HAVE_UNISTD_H 1
| #define HAVE_DLFCN_H 1
| #define LT_OBJDIR ".libs/"
| #define STDC_HEADERS 1
| #define HAVE_STDINT_H 1
| #define HAVE_STRINGS_H 1
| #define HAVE_UNISTD_H 1
| /* end confdefs.h.  */
| #include <sys/types.h>
| 		#include <sys/param.h>
| 
| int
| main ()
| {
| #if BYTE_ORDER != BIG_ENDIAN
| 		 not big endian
| 		#endif
| 
|   ;
|   return 0;
| }
configure:12214: result: no
configure:12236: checking for _snprintf
configure:12236: gcc -o conftest -g -O2   conftest.c  >&5
/usr/bin/ld: /tmp/cc9UuYwL.o: in function `main':
/home/fg1998/fuse-fixed-old/libspectrum-1.4.4/conftest.c:63: undefined reference to `_snprintf'
collect2: error: ld returned 1 exit status
configure:12236: $? = 1
configure: failed program was:
| /* confdefs.h */
| #define PACKAGE_NAME "libspectrum"
| #define PACKAGE_TARNAME "libspectrum"
| #define PACKAGE_VERSION "1.4.4"
| #define PACKAGE_STRING "libspectrum 1.4.4"
| #define PACKAGE_BUGREPORT "http://sourceforge.net/p/fuse-emulator/bugs/"
| #define PACKAGE_URL "http://fuse-emulator.sourceforge.net/libspectrum.php"
| #define PACKAGE "libspectrum"
| #define VERSION "1.4.4"
| #define LIBSPECTRUM_RC_VERSION 1,4,4,0
| #define LIBSPECTRUM_COPYRIGHT "(c) 1999-2018 Philip Kendall and others"
| #define STDC_HEADERS 1
| #define HAVE_SYS_TYPES_H 1
| #define HAVE_SYS_STAT_H 1
| #define HAVE_STDLIB_H 1
| #define HAVE_STRING_H 1
| #define HAVE_MEMORY_H 1
| #define HAVE_STRINGS_H 1
| #define HAVE_INTTYPES_H 1
| #define HAVE_STDINT_H 1
| #define HAVE_UNISTD_H 1
| #define HAVE_DLFCN_H 1
| #define LT_OBJDIR ".libs/"
| #define STDC_HEADERS 1
| #define HAVE_STDINT_H 1
| #define HAVE_STRINGS_H 1
| #define HAVE_UNISTD_H 1
| /* end confdefs.h.  */
| /* Define _snprintf to an innocuous variant, in case <limits.h> declares _snprintf.
|    For example, HP-UX 11i <limits.h> declares gettimeofday.  */
| #define _snprintf innocuous__snprintf
| 
| /* System header to define __stub macros and hopefully few prototypes,
|     which can conflict with char _snprintf (); below.
|     Prefer <limits.h> to <assert.h> if __STDC__ is defined, since
|     <limits.h> exists even on freestanding compilers.  */
| 
| #ifdef __STDC__
| # include <limits.h>
| #else
| # include <assert.h>
| #endif
| 
| #undef _snprintf
| 
| /* Override any GCC internal prototype to avoid an error.
|    Use char because int might match the return type of a GCC
|    builtin and then its argument prototype would still apply.  */
| #ifdef __cplusplus
| extern "C"
| #endif
| char _snprintf ();
| /* The GNU C library defines this for functions which it implements
|     to always fail with ENOSYS.  Some functions are actually named
|     something starting with __ and the normal name is an alias.  */
| #if defined __stub__snprintf || defined __stub____snprintf
| choke me
| #endif
| 
| int
| main ()
| {
| return _snprintf ();
|   ;
|   return 0;
| }
configure:12236: result: no
configure:12236: checking for _stricmp
configure:12236: gcc -o conftest -g -O2   conftest.c  >&5
/usr/bin/ld: /tmp/ccKs3eli.o: in function `main':
/home/fg1998/fuse-fixed-old/libspectrum-1.4.4/conftest.c:63: undefined reference to `_stricmp'
collect2: error: ld returned 1 exit status
configure:12236: $? = 1
configure: failed program was:
| /* confdefs.h */
| #define PACKAGE_NAME "libspectrum"
| #define PACKAGE_TARNAME "libspectrum"
| #define PACKAGE_VERSION "1.4.4"
| #define PACKAGE_STRING "libspectrum 1.4.4"
| #define PACKAGE_BUGREPORT "http://sourceforge.net/p/fuse-emulator/bugs/"
| #define PACKAGE_URL "http://fuse-emulator.sourceforge.net/libspectrum.php"
| #define PACKAGE "libspectrum"
| #define VERSION "1.4.4"
| #define LIBSPECTRUM_RC_VERSION 1,4,4,0
| #define LIBSPECTRUM_COPYRIGHT "(c) 1999-2018 Philip Kendall and others"
| #define STDC_HEADERS 1
| #define HAVE_SYS_TYPES_H 1
| #define HAVE_SYS_STAT_H 1
| #define HAVE_STDLIB_H 1
| #define HAVE_STRING_H 1
| #define HAVE_MEMORY_H 1
| #define HAVE_STRINGS_H 1
| #define HAVE_INTTYPES_H 1
| #define HAVE_STDINT_H 1
| #define HAVE_UNISTD_H 1
| #define HAVE_DLFCN_H 1
| #define LT_OBJDIR ".libs/"
| #define STDC_HEADERS 1
| #define HAVE_STDINT_H 1
| #define HAVE_STRINGS_H 1
| #define HAVE_UNISTD_H 1
| /* end confdefs.h.  */
| /* Define _stricmp to an innocuous variant, in case <limits.h> declares _stricmp.
|    For example, HP-UX 11i <limits.h> declares gettimeofday.  */
| #define _stricmp innocuous__stricmp
| 
| /* System header to define __stub macros and hopefully few prototypes,
|     which can conflict with char _stricmp (); below.
|     Prefer <limits.h> to <assert.h> if __STDC__ is defined, since
|     <limits.h> exists even on freestanding compilers.  */
| 
| #ifdef __STDC__
| # include <limits.h>
| #else
| # include <assert.h>
| #endif
| 
| #undef _stricmp
| 
| /* Override any GCC internal prototype to avoid an error.
|    Use char because int might match the return type of a GCC
|    builtin and then its argument prototype would still apply.  */
| #ifdef __cplusplus
| extern "C"
| #endif
| char _stricmp ();
| /* The GNU C library defines this for functions which it implements
|     to always fail with ENOSYS.  Some functions are actually named
|     something starting with __ and the normal name is an alias.  */
| #if defined __stub__stricmp || defined __stub____stricmp
| choke me
| #endif
| 
| int
| main ()
| {
| return _stricmp ();
|   ;
|   return 0;
| }
configure:12236: result: no
configure:12236: checking for _strnicmp
configure:12236: gcc -o conftest -g -O2   conftest.c  >&5
/usr/bin/ld: /tmp/cchM902q.o: in function `main':
/home/fg1998/fuse-fixed-old/libspectrum-1.4.4/conftest.c:63: undefined reference to `_strnicmp'
collect2: error: ld returned 1 exit status
configure:12236: $? = 1
configure: failed program was:
| /* confdefs.h */
| #define PACKAGE_NAME "libspectrum"
| #define PACKAGE_TARNAME "libspectrum"
| #define PACKAGE_VERSION "1.4.4"
| #define PACKAGE_STRING "libspectrum 1.4.4"
| #define PACKAGE_BUGREPORT "http://sourceforge.net/p/fuse-emulator/bugs/"
| #define PACKAGE_URL "http://fuse-emulator.sourceforge.net/libspectrum.php"
| #define PACKAGE "libspectrum"
| #define VERSION "1.4.4"
| #define LIBSPECTRUM_RC_VERSION 1,4,4,0
| #define LIBSPECTRUM_COPYRIGHT "(c) 1999-2018 Philip Kendall and others"
| #define STDC_HEADERS 1
| #define HAVE_SYS_TYPES_H 1
| #define HAVE_SYS_STAT_H 1
| #define HAVE_STDLIB_H 1
| #define HAVE_STRING_H 1
| #define HAVE_MEMORY_H 1
| #define HAVE_STRINGS_H 1
| #define HAVE_INTTYPES_H 1
| #define HAVE_STDINT_H 1
| #define HAVE_UNISTD_H 1
| #define HAVE_DLFCN_H 1
| #define LT_OBJDIR ".libs/"
| #define STDC_HEADERS 1
| #define HAVE_STDINT_H 1
| #define HAVE_STRINGS_H 1
| #define HAVE_UNISTD_H 1
| /* end confdefs.h.  */
| /* Define _strnicmp to an innocuous variant, in case <limits.h> declares _strnicmp.
|    For example, HP-UX 11i <limits.h> declares gettimeofday.  */
| #define _strnicmp innocuous__strnicmp
| 
| /* System header to define __stub macros and hopefully few prototypes,
|     which can conflict with char _strnicmp (); below.
|     Prefer <limits.h> to <assert.h> if __STDC__ is defined, since
|     <limits.h> exists even on freestanding compilers.  */
| 
| #ifdef __STDC__
| # include <limits.h>
| #else
| # include <assert.h>
| #endif
| 
| #undef _strnicmp
| 
| /* Override any GCC internal prototype to avoid an error.
|    Use char because int might match the return type of a GCC
|    builtin and then its argument prototype would still apply.  */
| #ifdef __cplusplus
| extern "C"
| #endif
| char _strnicmp ();
| /* The GNU C library defines this for functions which it implements
|     to always fail with ENOSYS.  Some functions are actually named
|     something starting with __ and the normal name is an alias.  */
| #if defined __stub__strnicmp || defined __stub____strnicmp
| choke me
| #endif
| 
| int
| main ()
| {
| return _strnicmp ();
|   ;
|   return 0;
| }
configure:12236: result: no
configure:12236: checking for snprintf
configure:12236: gcc -o conftest -g -O2   conftest.c  >&5
conftest.c:52:6: warning: conflicting types for built-in function 'snprintf'; expected 'int(char *, long unsigned int,  const char *, ...)' [-Wbuiltin-declaration-mismatch]
   52 | char snprintf ();
      |      ^~~~~~~~
conftest.c:40:1: note: 'snprintf' is declared in header '<stdio.h>'
   39 | # include <limits.h>
   40 | #else
configure:12236: $? = 0
configure:12236: result: yes
configure:12236: checking for strcasecmp
configure:12236: gcc -o conftest -g -O2   conftest.c  >&5
conftest.c:53:6: warning: conflicting types for built-in function 'strcasecmp'; expected 'int(const char *, const char *)' [-Wbuiltin-declaration-mismatch]
   53 | char strcasecmp ();
      |      ^~~~~~~~~~
configure:12236: $? = 0
configure:12236: result: yes
configure:12236: checking for strncasecmp
configure:12236: gcc -o conftest -g -O2   conftest.c  >&5
conftest.c:54:6: warning: conflicting types for built-in function 'strncasecmp'; expected 'int(const char *, const char *, long unsigned int)' [-Wbuiltin-declaration-mismatch]
   54 | char strncasecmp ();
      |      ^~~~~~~~~~~
configure:12236: $? = 0
configure:12236: result: yes
configure:12257: checking whether to use zlib
configure:12267: result: yes
configure:12273: checking zlib.h usability
configure:12273: gcc -c -g -O2  conftest.c >&5
configure:12273: $? = 0
configure:12273: result: yes
configure:12273: checking zlib.h presence
configure:12273: gcc -E  conftest.c
configure:12273: $? = 0
configure:12273: result: yes
configure:12273: checking for zlib.h
configure:12273: result: yes
configure:12278: checking for library containing compress2
configure:12309: gcc -o conftest -g -O2   conftest.c  >&5
/usr/bin/ld: /tmp/ccjYnZay.o: in function `main':
/home/fg1998/fuse-fixed-old/libspectrum-1.4.4/conftest.c:44: undefined reference to `compress2'
collect2: error: ld returned 1 exit status
configure:12309: $? = 1
configure: failed program was:
| /* confdefs.h */
| #define PACKAGE_NAME "libspectrum"
| #define PACKAGE_TARNAME "libspectrum"
| #define PACKAGE_VERSION "1.4.4"
| #define PACKAGE_STRING "libspectrum 1.4.4"
| #define PACKAGE_BUGREPORT "http://sourceforge.net/p/fuse-emulator/bugs/"
| #define PACKAGE_URL "http://fuse-emulator.sourceforge.net/libspectrum.php"
| #define PACKAGE "libspectrum"
| #define VERSION "1.4.4"
| #define LIBSPECTRUM_RC_VERSION 1,4,4,0
| #define LIBSPECTRUM_COPYRIGHT "(c) 1999-2018 Philip Kendall and others"
| #define STDC_HEADERS 1
| #define HAVE_SYS_TYPES_H 1
| #define HAVE_SYS_STAT_H 1
| #define HAVE_STDLIB_H 1
| #define HAVE_STRING_H 1
| #define HAVE_MEMORY_H 1
| #define HAVE_STRINGS_H 1
| #define HAVE_INTTYPES_H 1
| #define HAVE_STDINT_H 1
| #define HAVE_UNISTD_H 1
| #define HAVE_DLFCN_H 1
| #define LT_OBJDIR ".libs/"
| #define STDC_HEADERS 1
| #define HAVE_STDINT_H 1
| #define HAVE_STRINGS_H 1
| #define HAVE_UNISTD_H 1
| #define HAVE_SNPRINTF 1
| #define HAVE_STRCASECMP 1
| #define HAVE_STRNCASECMP 1
| #define HAVE_ZLIB_H 1
| /* end confdefs.h.  */
| 
| /* Override any GCC internal prototype to avoid an error.
|    Use char because int might match the return type of a GCC
|    builtin and then its argument prototype would still apply.  */
| #ifdef __cplusplus
| extern "C"
| #endif
| char compress2 ();
| int
| main ()
| {
| return compress2 ();
|   ;
|   return 0;
| }
configure:12309: gcc -o conftest -g -O2   conftest.c -lz   >&5
configure:12309: $? = 0
configure:12326: result: -lz
configure:12350: checking whether to use libgcrypt
configure:12360: result: yes
configure:12366: checking gcrypt.h usability
configure:12366: gcc -c -g -O2  conftest.c >&5
conftest.c:66:10: fatal error: gcrypt.h: No such file or directory
   66 | #include <gcrypt.h>
      |          ^~~~~~~~~~
compilation terminated.
configure:12366: $? = 1
configure: failed program was:
| /* confdefs.h */
| #define PACKAGE_NAME "libspectrum"
| #define PACKAGE_TARNAME "libspectrum"
| #define PACKAGE_VERSION "1.4.4"
| #define PACKAGE_STRING "libspectrum 1.4.4"
| #define PACKAGE_BUGREPORT "http://sourceforge.net/p/fuse-emulator/bugs/"
| #define PACKAGE_URL "http://fuse-emulator.sourceforge.net/libspectrum.php"
| #define PACKAGE "libspectrum"
| #define VERSION "1.4.4"
| #define LIBSPECTRUM_RC_VERSION 1,4,4,0
| #define LIBSPECTRUM_COPYRIGHT "(c) 1999-2018 Philip Kendall and others"
| #define STDC_HEADERS 1
| #define HAVE_SYS_TYPES_H 1
| #define HAVE_SYS_STAT_H 1
| #define HAVE_STDLIB_H 1
| #define HAVE_STRING_H 1
| #define HAVE_MEMORY_H 1
| #define HAVE_STRINGS_H 1
| #define HAVE_INTTYPES_H 1
| #define HAVE_STDINT_H 1
| #define HAVE_UNISTD_H 1
| #define HAVE_DLFCN_H 1
| #define LT_OBJDIR ".libs/"
| #define STDC_HEADERS 1
| #define HAVE_STDINT_H 1
| #define HAVE_STRINGS_H 1
| #define HAVE_UNISTD_H 1
| #define HAVE_SNPRINTF 1
| #define HAVE_STRCASECMP 1
| #define HAVE_STRNCASECMP 1
| #define HAVE_ZLIB_H 1
| /* end confdefs.h.  */
| #include <stdio.h>
| #ifdef HAVE_SYS_TYPES_H
| # include <sys/types.h>
| #endif
| #ifdef HAVE_SYS_STAT_H
| # include <sys/stat.h>
| #endif
| #ifdef STDC_HEADERS
| # include <stdlib.h>
| # include <stddef.h>
| #else
| # ifdef HAVE_STDLIB_H
| #  include <stdlib.h>
| # endif
| #endif
| #ifdef HAVE_STRING_H
| # if !defined STDC_HEADERS && defined HAVE_MEMORY_H
| #  include <memory.h>
| # endif
| # include <string.h>
| #endif
| #ifdef HAVE_STRINGS_H
| # include <strings.h>
| #endif
| #ifdef HAVE_INTTYPES_H
| # include <inttypes.h>
| #endif
| #ifdef HAVE_STDINT_H
| # include <stdint.h>
| #endif
| #ifdef HAVE_UNISTD_H
| # include <unistd.h>
| #endif
| #include <gcrypt.h>
configure:12366: result: no
configure:12366: checking gcrypt.h presence
configure:12366: gcc -E  conftest.c
conftest.c:33:10: fatal error: gcrypt.h: No such file or directory
   33 | #include <gcrypt.h>
      |          ^~~~~~~~~~
compilation terminated.
configure:12366: $? = 1
configure: failed program was:
| /* confdefs.h */
| #define PACKAGE_NAME "libspectrum"
| #define PACKAGE_TARNAME "libspectrum"
| #define PACKAGE_VERSION "1.4.4"
| #define PACKAGE_STRING "libspectrum 1.4.4"
| #define PACKAGE_BUGREPORT "http://sourceforge.net/p/fuse-emulator/bugs/"
| #define PACKAGE_URL "http://fuse-emulator.sourceforge.net/libspectrum.php"
| #define PACKAGE "libspectrum"
| #define VERSION "1.4.4"
| #define LIBSPECTRUM_RC_VERSION 1,4,4,0
| #define LIBSPECTRUM_COPYRIGHT "(c) 1999-2018 Philip Kendall and others"
| #define STDC_HEADERS 1
| #define HAVE_SYS_TYPES_H 1
| #define HAVE_SYS_STAT_H 1
| #define HAVE_STDLIB_H 1
| #define HAVE_STRING_H 1
| #define HAVE_MEMORY_H 1
| #define HAVE_STRINGS_H 1
| #define HAVE_INTTYPES_H 1
| #define HAVE_STDINT_H 1
| #define HAVE_UNISTD_H 1
| #define HAVE_DLFCN_H 1
| #define LT_OBJDIR ".libs/"
| #define STDC_HEADERS 1
| #define HAVE_STDINT_H 1
| #define HAVE_STRINGS_H 1
| #define HAVE_UNISTD_H 1
| #define HAVE_SNPRINTF 1
| #define HAVE_STRCASECMP 1
| #define HAVE_STRNCASECMP 1
| #define HAVE_ZLIB_H 1
| /* end confdefs.h.  */
| #include <gcrypt.h>
configure:12366: result: no
configure:12366: checking for gcrypt.h
configure:12366: result: no
configure:12379: checking whether to use libbz2
configure:12389: result: yes
configure:12393: checking bzlib.h usability
configure:12393: gcc -c -g -O2  conftest.c >&5
configure:12393: $? = 0
configure:12393: result: yes
configure:12393: checking bzlib.h presence
configure:12393: gcc -E  conftest.c
configure:12393: $? = 0
configure:12393: result: yes
configure:12393: checking for bzlib.h
configure:12393: result: yes
configure:12395: checking for BZ2_bzDecompressInit in -lbz2
configure:12420: gcc -o conftest -g -O2   conftest.c -lbz2  -lz  >&5
configure:12420: $? = 0
configure:12429: result: yes
configure:12447: checking whether to use internal GLib replacement
configure:12457: result: no
configure:12463: checking for GLIB
configure:12470: $PKG_CONFIG --exists --print-errors "glib-2.0"
configure:12473: $? = 0
configure:12487: $PKG_CONFIG --exists --print-errors "glib-2.0"
configure:12490: $? = 0
configure:12530: result: yes
configure:12574: checking whether lots of warnings requested
configure:12587: result: no
configure:12594: checking whether to use libaudiofile
configure:12604: result: yes
configure:12611: checking for AUDIOFILE
configure:12618: $PKG_CONFIG --exists --print-errors "audiofile"
configure:12621: $? = 0
configure:12635: $PKG_CONFIG --exists --print-errors "audiofile"
configure:12638: $? = 0
configure:12678: result: yes
configure:13068: checking that generated files are newer than configure
configure:13074: result: done
configure:13110: creating ./config.status

## ---------------------- ##
## Running config.status. ##
## ---------------------- ##

This file was extended by libspectrum config.status 1.4.4, which was
generated by GNU Autoconf 2.69.  Invocation command line was

  CONFIG_FILES    = 
  CONFIG_HEADERS  = 
  CONFIG_LINKS    = 
  CONFIG_COMMANDS = 
  $ ./config.status 

on raspberrypi

config.status:1119: creating Makefile
config.status:1119: creating libspectrum.qpg
config.status:1119: creating libspectrum.pc
config.status:1119: creating config.h
config.status:1300: config.h is unchanged
config.status:1348: executing depfiles commands
config.status:1348: executing libtool commands

## ---------------- ##
## Cache variables. ##
## ---------------- ##

ac_cv_build=aarch64-unknown-linux-gnu
ac_cv_c_bigendian=no
ac_cv_c_compiler_gnu=yes
ac_cv_c_const=yes
ac_cv_env_AUDIOFILE_CFLAGS_set=
ac_cv_env_AUDIOFILE_CFLAGS_value=
ac_cv_env_AUDIOFILE_LIBS_set=
ac_cv_env_AUDIOFILE_LIBS_value=
ac_cv_env_CC_set=
ac_cv_env_CC_value=
ac_cv_env_CFLAGS_set=
ac_cv_env_CFLAGS_value=
ac_cv_env_CPPFLAGS_set=
ac_cv_env_CPPFLAGS_value=
ac_cv_env_CPP_set=
ac_cv_env_CPP_value=
ac_cv_env_GLIB_CFLAGS_set=
ac_cv_env_GLIB_CFLAGS_value=
ac_cv_env_GLIB_LIBS_set=
ac_cv_env_GLIB_LIBS_value=
ac_cv_env_LDFLAGS_set=
ac_cv_env_LDFLAGS_value=
ac_cv_env_LIBS_set=
ac_cv_env_LIBS_value=
ac_cv_env_PKG_CONFIG_LIBDIR_set=
ac_cv_env_PKG_CONFIG_LIBDIR_value=
ac_cv_env_PKG_CONFIG_PATH_set=
ac_cv_env_PKG_CONFIG_PATH_value=
ac_cv_env_PKG_CONFIG_set=
ac_cv_env_PKG_CONFIG_value=
ac_cv_env_build_alias_set=
ac_cv_env_build_alias_value=
ac_cv_env_host_alias_set=
ac_cv_env_host_alias_value=
ac_cv_env_target_alias_set=
ac_cv_env_target_alias_value=
ac_cv_func__snprintf=no
ac_cv_func__stricmp=no
ac_cv_func__strnicmp=no
ac_cv_func_snprintf=yes
ac_cv_func_strcasecmp=yes
ac_cv_func_strncasecmp=yes
ac_cv_header_bzlib_h=yes
ac_cv_header_dlfcn_h=yes
ac_cv_header_gcrypt_h=no
ac_cv_header_inttypes_h=yes
ac_cv_header_memory_h=yes
ac_cv_header_stdc=yes
ac_cv_header_stdint_h=yes
ac_cv_header_stdlib_h=yes
ac_cv_header_string_h=yes
ac_cv_header_strings_h=yes
ac_cv_header_sys_stat_h=yes
ac_cv_header_sys_types_h=yes
ac_cv_header_unistd_h=yes
ac_cv_header_zlib_h=yes
ac_cv_host=aarch64-unknown-linux-gnu
ac_cv_lib_bz2_BZ2_bzDecompressInit=yes
ac_cv_objext=o
ac_cv_path_EGREP='/usr/bin/grep -E'
ac_cv_path_FGREP='/usr/bin/grep -F'
ac_cv_path_GREP=/usr/bin/grep
ac_cv_path_PERL=/usr/bin/perl
ac_cv_path_SED=/usr/bin/sed
ac_cv_path_ac_pt_PKG_CONFIG=/usr/bin/pkg-config
ac_cv_path_install='/usr/bin/install -c'
ac_cv_path_mkdir=/usr/bin/mkdir
ac_cv_prog_AWK=mawk
ac_cv_prog_CPP='gcc -E'
ac_cv_prog_ac_ct_AR=ar
ac_cv_prog_ac_ct_CC=gcc
ac_cv_prog_ac_ct_MANIFEST_TOOL=mt
ac_cv_prog_ac_ct_OBJDUMP=objdump
ac_cv_prog_ac_ct_RANLIB=ranlib
ac_cv_prog_ac_ct_STRIP=strip
ac_cv_prog_cc_c89=
ac_cv_prog_cc_g=yes
ac_cv_prog_make_make_set=yes
ac_cv_search_compress2=-lz
am_cv_CC_dependencies_compiler_type=gcc3
am_cv_make_support_nested_variables=yes
lt_cv_ar_at_file=@
lt_cv_deplibs_check_method=pass_all
lt_cv_file_magic_cmd='$MAGIC_CMD'
lt_cv_file_magic_test_file=
lt_cv_ld_reload_flag=-r
lt_cv_nm_interface='BSD nm'
lt_cv_objdir=.libs
lt_cv_path_LD=/usr/bin/ld
lt_cv_path_NM='/usr/bin/nm -B'
lt_cv_path_mainfest_tool=no
lt_cv_prog_compiler_c_o=yes
lt_cv_prog_compiler_pic='-fPIC -DPIC'
lt_cv_prog_compiler_pic_works=yes
lt_cv_prog_compiler_rtti_exceptions=no
lt_cv_prog_compiler_static_works=yes
lt_cv_prog_gnu_ld=yes
lt_cv_sharedlib_from_linklib_cmd='printf %s\n'
lt_cv_shlibpath_overrides_runpath=yes
lt_cv_sys_global_symbol_pipe='sed -n -e '\''s/^.*[	 ]\([ABCDGIRSTW][ABCDGIRSTW]*\)[	 ][	 ]*\([_A-Za-z][_A-Za-z0-9]*\)$/\1 \2 \2/p'\'' | sed '\''/ __gnu_lto/d'\'''
lt_cv_sys_global_symbol_to_c_name_address='sed -n -e '\''s/^: \([^ ]*\)[ ]*$/  {\"\1\", (void *) 0},/p'\'' -e '\''s/^[ABCDGIRSTW]* \([^ ]*\) \([^ ]*\)$/  {"\2", (void *) \&\2},/p'\'''
lt_cv_sys_global_symbol_to_c_name_address_lib_prefix='sed -n -e '\''s/^: \([^ ]*\)[ ]*$/  {\"\1\", (void *) 0},/p'\'' -e '\''s/^[ABCDGIRSTW]* \([^ ]*\) \(lib[^ ]*\)$/  {"\2", (void *) \&\2},/p'\'' -e '\''s/^[ABCDGIRSTW]* \([^ ]*\) \([^ ]*\)$/  {"lib\2", (void *) \&\2},/p'\'''
lt_cv_sys_global_symbol_to_cdecl='sed -n -e '\''s/^T .* \(.*\)$/extern int \1();/p'\'' -e '\''s/^[ABCDGIRSTW]* .* \(.*\)$/extern char \1;/p'\'''
lt_cv_sys_max_cmd_len=1572864
lt_cv_to_host_file_cmd=func_convert_file_noop
lt_cv_to_tool_file_cmd=func_convert_file_noop
pkg_cv_AUDIOFILE_CFLAGS=
pkg_cv_AUDIOFILE_LIBS='-laudiofile '
pkg_cv_GLIB_CFLAGS='-I/usr/include/glib-2.0 -I/usr/lib/aarch64-linux-gnu/glib-2.0/include '
pkg_cv_GLIB_LIBS='-lglib-2.0 '

## ----------------- ##
## Output variables. ##
## ----------------- ##

ACLOCAL='${SHELL} /home/fg1998/fuse-fixed-old/libspectrum-1.4.4/missing aclocal-1.13'
AMDEPBACKSLASH='\'
AMDEP_FALSE='#'
AMDEP_TRUE=''
AMTAR='$${TAR-tar}'
AM_BACKSLASH='\'
AM_DEFAULT_V='$(AM_DEFAULT_VERBOSITY)'
AM_DEFAULT_VERBOSITY='0'
AM_V='$(V)'
AR='ar'
AUDIOFILE_CFLAGS=''
AUDIOFILE_CONFIG=''
AUDIOFILE_LIBS='-laudiofile '
AUTOCONF='${SHELL} /home/fg1998/fuse-fixed-old/libspectrum-1.4.4/missing autoconf'
AUTOHEADER='${SHELL} /home/fg1998/fuse-fixed-old/libspectrum-1.4.4/missing autoheader'
AUTOMAKE='${SHELL} /home/fg1998/fuse-fixed-old/libspectrum-1.4.4/missing automake-1.13'
AWK='mawk'
CC='gcc'
CCDEPMODE='depmode=gcc3'
CC_FOR_BUILD='gcc'
CFLAGS='-g -O2 -Wall -Wwrite-strings'
CPP='gcc -E'
CPPFLAGS=''
CYGPATH_W='echo'
DEFS='-DHAVE_CONFIG_H'
DEPDIR='.deps'
DLLTOOL='false'
DSYMUTIL=''
DUMPBIN=''
ECHO_C=''
ECHO_N='-n'
ECHO_T=''
EGREP='/usr/bin/grep -E'
EXEEXT=''
FGREP='/usr/bin/grep -F'
GLIB_CFLAGS='-I/usr/include/glib-2.0 -I/usr/lib/aarch64-linux-gnu/glib-2.0/include '
GLIB_LIBS='-lglib-2.0 '
GREP='/usr/bin/grep'
HAVE_LOCK_FALSE=''
HAVE_LOCK_TRUE='#'
HAVE_ZLIB_FALSE='#'
HAVE_ZLIB_TRUE=''
INSTALL_DATA='${INSTALL} -m 644'
INSTALL_PROGRAM='${INSTALL}'
INSTALL_SCRIPT='${INSTALL}'
INSTALL_STRIP_PROGRAM='$(install_sh) -c -s'
LD='/usr/bin/ld'
LDFLAGS=''
LIBOBJS=''
LIBS='-lbz2 -lz '
LIBSPECTRUM_COPYRIGHT='(c) 1999-2018 Philip Kendall and others'
LIBSPECTRUM_FULL_VERSION='1.4.4.0'
LIBSPECTRUM_URL='http://fuse-emulator.sourceforge.net/libspectrum.php'
LIBTOOL='$(SHELL) $(top_builddir)/libtool'
LIPO=''
LN_S='ln -s'
LTLIBOBJS=''
MAKEINFO='${SHELL} /home/fg1998/fuse-fixed-old/libspectrum-1.4.4/missing makeinfo'
MANIFEST_TOOL=':'
MKDIR_P='/usr/bin/mkdir -p'
NM='/usr/bin/nm -B'
NMEDIT=''
OBJDUMP='objdump'
OBJEXT='o'
OTOOL64=''
OTOOL=''
PACKAGE='libspectrum'
PACKAGE_BUGREPORT='http://sourceforge.net/p/fuse-emulator/bugs/'
PACKAGE_NAME='libspectrum'
PACKAGE_STRING='libspectrum 1.4.4'
PACKAGE_TARNAME='libspectrum'
PACKAGE_URL='http://fuse-emulator.sourceforge.net/libspectrum.php'
PACKAGE_VERSION='1.4.4'
PATH_SEPARATOR=':'
PERL='/usr/bin/perl'
PKG_CONFIG='/usr/bin/pkg-config'
PKG_CONFIG_LIBDIR=''
PKG_CONFIG_PATH=''
RANLIB='ranlib'
SED='/usr/bin/sed'
SET_MAKE=''
SHELL='/bin/bash'
STRIP='strip'
USE_MYGLIB_FALSE=''
USE_MYGLIB_TRUE='#'
VERSION='1.4.4'
WINDRES=''
WINDRES_LDFLAGS=''
WINDRES_OBJ=''
ac_ct_AR='ar'
ac_ct_CC='gcc'
ac_ct_DUMPBIN=''
am__EXEEXT_FALSE=''
am__EXEEXT_TRUE='#'
am__fastdepCC_FALSE='#'
am__fastdepCC_TRUE=''
am__include='include'
am__isrc=''
am__leading_dot='.'
am__nodep='_no'
am__quote=''
am__tar='$${TAR-tar} chof - "$$tardir"'
am__untar='$${TAR-tar} xf -'
bindir='${exec_prefix}/bin'
build='aarch64-unknown-linux-gnu'
build_alias=''
build_cpu='aarch64'
build_os='linux-gnu'
build_vendor='unknown'
datadir='${datarootdir}'
datarootdir='${prefix}/share'
docdir='${datarootdir}/doc/${PACKAGE_TARNAME}'
dvidir='${docdir}'
exec_prefix='${prefix}'
host='aarch64-unknown-linux-gnu'
host_alias=''
host_cpu='aarch64'
host_os='linux-gnu'
host_vendor='unknown'
htmldir='${docdir}'
includedir='${prefix}/include'
infodir='${datarootdir}/info'
install_sh='${SHELL} /home/fg1998/fuse-fixed-old/libspectrum-1.4.4/install-sh'
libdir='${exec_prefix}/lib'
libexecdir='${exec_prefix}/libexec'
localedir='${datarootdir}/locale'
localstatedir='${prefix}/var'
mandir='${datarootdir}/man'
mkdir_p='$(MKDIR_P)'
oldincludedir='/usr/include'
pdfdir='${docdir}'
pkgconfigdir='${libdir}/pkgconfig'
prefix='/usr/local'
program_transform_name='s,x,x,'
psdir='${docdir}'
sbindir='${exec_prefix}/sbin'
sharedstatedir='${prefix}/com'
sysconfdir='${prefix}/etc'
target_alias=''

## ----------- ##
## confdefs.h. ##
## ----------- ##

/* confdefs.h */
#define PACKAGE_NAME "libspectrum"
#define PACKAGE_TARNAME "libspectrum"
#define PACKAGE_VERSION "1.4.4"
#define PACKAGE_STRING "libspectrum 1.4.4"
#define PACKAGE_BUGREPORT "http://sourceforge.net/p/fuse-emulator/bugs/"
#define PACKAGE_URL "http://fuse-emulator.sourceforge.net/libspectrum.php"
#define PACKAGE "libspectrum"
#define VERSION "1.4.4"
#define LIBSPECTRUM_RC_VERSION 1,4,4,0
#define LIBSPECTRUM_COPYRIGHT "(c) 1999-2018 Philip Kendall and others"
#define STDC_HEADERS 1
#define HAVE_SYS_TYPES_H 1
#define HAVE_SYS_STAT_H 1
#define HAVE_STDLIB_H 1
#define HAVE_STRING_H 1
#define HAVE_MEMORY_H 1
#define HAVE_STRINGS_H 1
#define HAVE_INTTYPES_H 1
#define HAVE_STDINT_H 1
#define HAVE_UNISTD_H 1
#define HAVE_DLFCN_H 1
#define LT_OBJDIR ".libs/"
#define STDC_HEADERS 1
#define HAVE_STDINT_H 1
#define HAVE_STRINGS_H 1
#define HAVE_UNISTD_H 1
#define HAVE_SNPRINTF 1
#define HAVE_STRCASECMP 1
#define HAVE_STRNCASECMP 1
#define HAVE_ZLIB_H 1
#define HAVE_LIBBZ2 1
#define HAVE_LIB_GLIB 1
#define HAVE_LIB_AUDIOFILE 1

configure: exit 0
