This file contains any messages produced by compilers while
running configure, to aid debugging if configure makes a mistake.

It was created by libspectrum configure 1.5.0, which was
generated by GNU Autoconf 2.69.  Invocation command line was

  $ ./configure --disable-shared

## --------- ##
## Platform. ##
## --------- ##

hostname = raspberrypi
uname -m = aarch64
uname -r = 6.6.47+rpt-rpi-v8
uname -s = Linux
uname -v = #1 SMP PREEMPT Debian 1:6.6.47-1+rpt1 (2024-09-02)

/usr/bin/uname -p = unknown
/bin/uname -X     = unknown

/bin/arch              = aarch64
/usr/bin/arch -k       = unknown
/usr/convex/getsysinfo = unknown
/usr/bin/hostinfo      = unknown
/bin/machine           = unknown
/usr/bin/oslevel       = unknown
/bin/universe          = unknown

PATH: /usr/local/sbin
PATH: /usr/local/bin
PATH: /usr/sbin
PATH: /usr/bin
PATH: /sbin
PATH: /bin
PATH: /usr/local/games
PATH: /usr/games


## ----------- ##
## Core tests. ##
## ----------- ##

configure:2327: checking build system type
configure:2341: result: aarch64-unknown-linux-gnu
configure:2361: checking host system type
configure:2374: result: aarch64-unknown-linux-gnu
configure:2449: checking for pkg-config
configure:2467: found /usr/bin/pkg-config
configure:2479: result: /usr/bin/pkg-config
configure:2504: checking pkg-config is at least version 0.9.0
configure:2507: result: yes
configure:2547: checking for a BSD-compatible install
configure:2615: result: /usr/bin/install -c
configure:2626: checking whether build environment is sane
configure:2681: result: yes
configure:2832: checking for a thread-safe mkdir -p
configure:2871: result: /usr/bin/mkdir -p
configure:2878: checking for gawk
configure:2908: result: no
configure:2878: checking for mawk
configure:2894: found /usr/bin/mawk
configure:2905: result: mawk
configure:2916: checking whether make sets $(MAKE)
configure:2938: result: yes
configure:2967: checking whether make supports nested variables
configure:2984: result: yes
configure:3121: checking whether make supports nested variables
configure:3138: result: yes
configure:3212: checking for gcc
configure:3228: found /usr/bin/gcc
configure:3239: result: gcc
configure:3468: checking for C compiler version
configure:3477: gcc --version >&5
gcc (Debian 12.2.0-14) 12.2.0
Copyright (C) 2022 Free Software Foundation, Inc.
This is free software; see the source for copying conditions.  There is NO
warranty; not even for MERCHANTABILITY or FITNESS FOR A PARTICULAR PURPOSE.

configure:3488: $? = 0
configure:3477: gcc -v >&5
Using built-in specs.
COLLECT_GCC=gcc
COLLECT_LTO_WRAPPER=/usr/lib/gcc/aarch64-linux-gnu/12/lto-wrapper
Target: aarch64-linux-gnu
Configured with: ../src/configure -v --with-pkgversion='Debian 12.2.0-14' --with-bugurl=file:///usr/share/doc/gcc-12/README.Bugs --enable-languages=c,ada,c++,go,d,fortran,objc,obj-c++,m2 --prefix=/usr --with-gcc-major-version-only --program-suffix=-12 --program-prefix=aarch64-linux-gnu- --enable-shared --enable-linker-build-id --libexecdir=/usr/lib --without-included-gettext --enable-threads=posix --libdir=/usr/lib --enable-nls --enable-clocale=gnu --enable-libstdcxx-debug --enable-libstdcxx-time=yes --with-default-libstdcxx-abi=new --enable-gnu-unique-object --disable-libquadmath --disable-libquadmath-support --enable-plugin --enable-default-pie --with-system-zlib --enable-libphobos-checking=release --with-target-system-zlib=auto --enable-objc-gc=auto --enable-multiarch --enable-fix-cortex-a53-843419 --disable-werror --enable-checking=release --build=aarch64-linux-gnu --host=aarch64-linux-gnu --target=aarch64-linux-gnu
Thread model: posix
Supported LTO compression algorithms: zlib zstd
gcc version 12.2.0 (Debian 12.2.0-14) 
configure:3488: $? = 0
configure:3477: gcc -V >&5
gcc: error: unrecognized command-line option '-V'
gcc: fatal error: no input files
compilation terminated.
configure:3488: $? = 1
configure:3477: gcc -qversion >&5
gcc: error: unrecognized command-line option '-qversion'; did you mean '--version'?
gcc: fatal error: no input files
compilation terminated.
configure:3488: $? = 1
configure:3508: checking whether the C compiler works
configure:3530: gcc    conftest.c  >&5
configure:3534: $? = 0
configure:3582: result: yes
configure:3585: checking for C compiler default output file name
configure:3587: result: a.out
configure:3593: checking for suffix of executables
configure:3600: gcc -o conftest    conftest.c  >&5
configure:3604: $? = 0
configure:3626: result: 
configure:3648: checking whether we are cross compiling
configure:3656: gcc -o conftest    conftest.c  >&5
configure:3660: $? = 0
configure:3667: ./conftest
configure:3671: $? = 0
configure:3686: result: no
configure:3691: checking for suffix of object files
configure:3713: gcc -c   conftest.c >&5
configure:3717: $? = 0
configure:3738: result: o
configure:3742: checking whether we are using the GNU C compiler
configure:3761: gcc -c   conftest.c >&5
configure:3761: $? = 0
configure:3770: result: yes
configure:3779: checking whether gcc accepts -g
configure:3799: gcc -c -g  conftest.c >&5
configure:3799: $? = 0
configure:3840: result: yes
configure:3857: checking for gcc option to accept ISO C89
configure:3920: gcc  -c -g -O2  conftest.c >&5
configure:3920: $? = 0
configure:3933: result: none needed
configure:3958: checking whether gcc understands -c and -o together
configure:3980: gcc -c conftest.c -o conftest2.o
configure:3983: $? = 0
configure:3980: gcc -c conftest.c -o conftest2.o
configure:3983: $? = 0
configure:3995: result: yes
configure:4023: checking for style of include used by make
configure:4051: result: GNU
configure:4077: checking dependency style of gcc
configure:4188: result: gcc3
configure:4250: checking for a C compiler for build tools
configure:4252: result: gcc
configure:4302: checking how to print strings
configure:4329: result: printf
configure:4350: checking for a sed that does not truncate output
configure:4414: result: /usr/bin/sed
configure:4432: checking for grep that handles long lines and -e
configure:4490: result: /usr/bin/grep
configure:4495: checking for egrep
configure:4557: result: /usr/bin/grep -E
configure:4562: checking for fgrep
configure:4624: result: /usr/bin/grep -F
configure:4659: checking for ld used by gcc
configure:4726: result: /usr/bin/ld
configure:4733: checking if the linker (/usr/bin/ld) is GNU ld
configure:4748: result: yes
configure:4760: checking for BSD- or MS-compatible name lister (nm)
configure:4814: result: /usr/bin/nm -B
configure:4944: checking the name lister (/usr/bin/nm -B) interface
configure:4951: gcc -c -g -O2  conftest.c >&5
configure:4954: /usr/bin/nm -B "conftest.o"
configure:4957: output
0000000000000000 B some_variable
configure:4964: result: BSD nm
configure:4967: checking whether ln -s works
configure:4971: result: yes
configure:4979: checking the maximum length of command line arguments
configure:5110: result: 1572864
configure:5158: checking how to convert aarch64-unknown-linux-gnu file names to aarch64-unknown-linux-gnu format
configure:5198: result: func_convert_file_noop
configure:5205: checking how to convert aarch64-unknown-linux-gnu file names to toolchain format
configure:5225: result: func_convert_file_noop
configure:5232: checking for /usr/bin/ld option to reload object files
configure:5239: result: -r
configure:5313: checking for objdump
configure:5329: found /usr/bin/objdump
configure:5340: result: objdump
configure:5372: checking how to recognize dependent libraries
configure:5572: result: pass_all
configure:5657: checking for dlltool
configure:5687: result: no
configure:5717: checking how to associate runtime and link libraries
configure:5744: result: printf %s\n
configure:5805: checking for ar
configure:5821: found /usr/bin/ar
configure:5832: result: ar
configure:5869: checking for archiver @FILE support
configure:5886: gcc -c -g -O2  conftest.c >&5
configure:5886: $? = 0
configure:5889: ar cru libconftest.a @conftest.lst >&5
ar: `u' modifier ignored since `D' is the default (see `U')
configure:5892: $? = 0
configure:5897: ar cru libconftest.a @conftest.lst >&5
ar: `u' modifier ignored since `D' is the default (see `U')
ar: conftest.o: No such file or directory
configure:5900: $? = 1
configure:5912: result: @
configure:5970: checking for strip
configure:5986: found /usr/bin/strip
configure:5997: result: strip
configure:6069: checking for ranlib
configure:6085: found /usr/bin/ranlib
configure:6096: result: ranlib
configure:6198: checking command to parse /usr/bin/nm -B output from gcc object
configure:6351: gcc -c -g -O2  conftest.c >&5
configure:6354: $? = 0
configure:6358: /usr/bin/nm -B conftest.o \| sed -n -e 's/^.*[ ]\([ABCDGIRSTW][ABCDGIRSTW]*\)[ ][ ]*\([_A-Za-z][_A-Za-z0-9]*\)$/\1 \2 \2/p' | sed '/ __gnu_lto/d' \> conftest.nm
configure:6361: $? = 0
configure:6427: gcc -o conftest -g -O2   conftest.c conftstm.o >&5
configure:6430: $? = 0
configure:6468: result: ok
configure:6515: checking for sysroot
configure:6545: result: no
configure:6552: checking for a working dd
configure:6590: result: /usr/bin/dd
configure:6594: checking how to truncate binary pipes
configure:6609: result: /usr/bin/dd bs=4096 count=1
configure:6938: checking for mt
configure:6954: found /usr/bin/mt
configure:6965: result: mt
configure:6988: checking if mt is a manifest tool
configure:6994: mt '-?'
configure:7002: result: no
configure:7679: checking how to run the C preprocessor
configure:7710: gcc -E  conftest.c
configure:7710: $? = 0
configure:7724: gcc -E  conftest.c
conftest.c:13:10: fatal error: ac_nonexistent.h: No such file or directory
   13 | #include <ac_nonexistent.h>
      |          ^~~~~~~~~~~~~~~~~~
compilation terminated.
configure:7724: $? = 1
configure: failed program was:
| /* confdefs.h */
| #define PACKAGE_NAME "libspectrum"
| #define PACKAGE_TARNAME "libspectrum"
| #define PACKAGE_VERSION "1.5.0"
| #define PACKAGE_STRING "libspectrum 1.5.0"
| #define PACKAGE_BUGREPORT "http://sourceforge.net/p/fuse-emulator/bugs/"
| #define PACKAGE_URL "http://fuse-emulator.sourceforge.net/libspectrum.php"
| #define PACKAGE "libspectrum"
| #define VERSION "1.5.0"
| #define LIBSPECTRUM_RC_VERSION 1,5,0,0
| #define LIBSPECTRUM_COPYRIGHT "(c) 1999-2021 Philip Kendall and others"
| /* end confdefs.h.  */
| #include <ac_nonexistent.h>
configure:7749: result: gcc -E
configure:7769: gcc -E  conftest.c
configure:7769: $? = 0
configure:7783: gcc -E  conftest.c
conftest.c:13:10: fatal error: ac_nonexistent.h: No such file or directory
   13 | #include <ac_nonexistent.h>
      |          ^~~~~~~~~~~~~~~~~~
compilation terminated.
configure:7783: $? = 1
configure: failed program was:
| /* confdefs.h */
| #define PACKAGE_NAME "libspectrum"
| #define PACKAGE_TARNAME "libspectrum"
| #define PACKAGE_VERSION "1.5.0"
| #define PACKAGE_STRING "libspectrum 1.5.0"
| #define PACKAGE_BUGREPORT "http://sourceforge.net/p/fuse-emulator/bugs/"
| #define PACKAGE_URL "http://fuse-emulator.sourceforge.net/libspectrum.php"
| #define PACKAGE "libspectrum"
| #define VERSION "1.5.0"
| #define LIBSPECTRUM_RC_VERSION 1,5,0,0
| #define LIBSPECTRUM_COPYRIGHT "(c) 1999-2021 Philip Kendall and others"
| /* end confdefs.h.  */
| #include <ac_nonexistent.h>
configure:7812: checking for ANSI C header files
configure:7832: gcc -c -g -O2  conftest.c >&5
configure:7832: $? = 0
configure:7905: gcc -o conftest -g -O2   conftest.c  >&5
configure:7905: $? = 0
configure:7905: ./conftest
configure:7905: $? = 0
configure:7916: result: yes
configure:7929: checking for sys/types.h
configure:7929: gcc -c -g -O2  conftest.c >&5
configure:7929: $? = 0
configure:7929: result: yes
configure:7929: checking for sys/stat.h
configure:7929: gcc -c -g -O2  conftest.c >&5
configure:7929: $? = 0
configure:7929: result: yes
configure:7929: checking for stdlib.h
configure:7929: gcc -c -g -O2  conftest.c >&5
configure:7929: $? = 0
configure:7929: result: yes
configure:7929: checking for string.h
configure:7929: gcc -c -g -O2  conftest.c >&5
configure:7929: $? = 0
configure:7929: result: yes
configure:7929: checking for memory.h
configure:7929: gcc -c -g -O2  conftest.c >&5
configure:7929: $? = 0
configure:7929: result: yes
configure:7929: checking for strings.h
configure:7929: gcc -c -g -O2  conftest.c >&5
configure:7929: $? = 0
configure:7929: result: yes
configure:7929: checking for inttypes.h
configure:7929: gcc -c -g -O2  conftest.c >&5
configure:7929: $? = 0
configure:7929: result: yes
configure:7929: checking for stdint.h
configure:7929: gcc -c -g -O2  conftest.c >&5
configure:7929: $? = 0
configure:7929: result: yes
configure:7929: checking for unistd.h
configure:7929: gcc -c -g -O2  conftest.c >&5
configure:7929: $? = 0
configure:7929: result: yes
configure:7943: checking for dlfcn.h
configure:7943: gcc -c -g -O2  conftest.c >&5
configure:7943: $? = 0
configure:7943: result: yes
configure:8199: checking for objdir
configure:8214: result: .libs
configure:8478: checking if gcc supports -fno-rtti -fno-exceptions
configure:8496: gcc -c -g -O2  -fno-rtti -fno-exceptions conftest.c >&5
cc1: warning: command-line option '-fno-rtti' is valid for C++/D/ObjC++ but not for C
configure:8500: $? = 0
configure:8513: result: no
configure:8871: checking for gcc option to produce PIC
configure:8878: result: -fPIC -DPIC
configure:8886: checking if gcc PIC flag -fPIC -DPIC works
configure:8904: gcc -c -g -O2  -fPIC -DPIC -DPIC conftest.c >&5
configure:8908: $? = 0
configure:8921: result: yes
configure:8950: checking if gcc static flag -static works
configure:8978: result: yes
configure:8993: checking if gcc supports -c -o file.o
configure:9014: gcc -c -g -O2  -o out/conftest2.o conftest.c >&5
configure:9018: $? = 0
configure:9040: result: yes
configure:9048: checking if gcc supports -c -o file.o
configure:9095: result: yes
configure:9128: checking whether the gcc linker (/usr/bin/ld) supports shared libraries
configure:10391: result: yes
configure:10631: checking dynamic linker characteristics
configure:11212: gcc -o conftest -g -O2   -Wl,-rpath -Wl,/foo conftest.c  >&5
configure:11212: $? = 0
configure:11461: result: GNU/Linux ld.so
configure:11583: checking how to hardcode library paths into programs
configure:11608: result: immediate
configure:12156: checking whether stripping libraries is possible
configure:12161: result: yes
configure:12196: checking if libtool supports shared libraries
configure:12198: result: yes
configure:12201: checking whether to build shared libraries
configure:12226: result: no
configure:12229: checking whether to build static libraries
configure:12233: result: yes
configure:12272: checking for perl
configure:12290: found /usr/bin/perl
configure:12302: result: /usr/bin/perl
configure:12312: checking for ANSI C header files
configure:12416: result: yes
configure:12427: checking for stdint.h
configure:12427: result: yes
configure:12427: checking for strings.h
configure:12427: result: yes
configure:12427: checking for unistd.h
configure:12427: result: yes
configure:12438: checking for an ANSI C-conforming const
configure:12504: gcc -c -g -O2  conftest.c >&5
configure:12504: $? = 0
configure:12511: result: yes
configure:12628: checking whether byte ordering is bigendian
configure:12643: gcc -c -g -O2  conftest.c >&5
conftest.c:30:16: error: unknown type name 'not'
   30 |                not a universal capable compiler
      |                ^~~
conftest.c:30:22: error: expected '=', ',', ';', 'asm' or '__attribute__' before 'universal'
   30 |                not a universal capable compiler
      |                      ^~~~~~~~~
conftest.c:30:22: error: unknown type name 'universal'
configure:12643: $? = 1
configure: failed program was:
| /* confdefs.h */
| #define PACKAGE_NAME "libspectrum"
| #define PACKAGE_TARNAME "libspectrum"
| #define PACKAGE_VERSION "1.5.0"
| #define PACKAGE_STRING "libspectrum 1.5.0"
| #define PACKAGE_BUGREPORT "http://sourceforge.net/p/fuse-emulator/bugs/"
| #define PACKAGE_URL "http://fuse-emulator.sourceforge.net/libspectrum.php"
| #define PACKAGE "libspectrum"
| #define VERSION "1.5.0"
| #define LIBSPECTRUM_RC_VERSION 1,5,0,0
| #define LIBSPECTRUM_COPYRIGHT "(c) 1999-2021 Philip Kendall and others"
| #define STDC_HEADERS 1
| #define HAVE_SYS_TYPES_H 1
| #define HAVE_SYS_STAT_H 1
| #define HAVE_STDLIB_H 1
| #define HAVE_STRING_H 1
| #define HAVE_MEMORY_H 1
| #define HAVE_STRINGS_H 1
| #define HAVE_INTTYPES_H 1
| #define HAVE_STDINT_H 1
| #define HAVE_UNISTD_H 1
| #define HAVE_DLFCN_H 1
| #define LT_OBJDIR ".libs/"
| #define STDC_HEADERS 1
| #define HAVE_STDINT_H 1
| #define HAVE_STRINGS_H 1
| #define HAVE_UNISTD_H 1
| /* end confdefs.h.  */
| #ifndef __APPLE_CC__
| 	       not a universal capable compiler
| 	     #endif
| 	     typedef int dummy;
| 
configure:12688: gcc -c -g -O2  conftest.c >&5
configure:12688: $? = 0
configure:12706: gcc -c -g -O2  conftest.c >&5
conftest.c: In function 'main':
conftest.c:36:18: error: unknown type name 'not'; did you mean 'ino_t'?
   36 |                  not big endian
      |                  ^~~
      |                  ino_t
conftest.c:36:26: error: expected '=', ',', ';', 'asm' or '__attribute__' before 'endian'
   36 |                  not big endian
      |                          ^~~~~~
configure:12706: $? = 1
configure: failed program was:
| /* confdefs.h */
| #define PACKAGE_NAME "libspectrum"
| #define PACKAGE_TARNAME "libspectrum"
| #define PACKAGE_VERSION "1.5.0"
| #define PACKAGE_STRING "libspectrum 1.5.0"
| #define PACKAGE_BUGREPORT "http://sourceforge.net/p/fuse-emulator/bugs/"
| #define PACKAGE_URL "http://fuse-emulator.sourceforge.net/libspectrum.php"
| #define PACKAGE "libspectrum"
| #define VERSION "1.5.0"
| #define LIBSPECTRUM_RC_VERSION 1,5,0,0
| #define LIBSPECTRUM_COPYRIGHT "(c) 1999-2021 Philip Kendall and others"
| #define STDC_HEADERS 1
| #define HAVE_SYS_TYPES_H 1
| #define HAVE_SYS_STAT_H 1
| #define HAVE_STDLIB_H 1
| #define HAVE_STRING_H 1
| #define HAVE_MEMORY_H 1
| #define HAVE_STRINGS_H 1
| #define HAVE_INTTYPES_H 1
| #define HAVE_STDINT_H 1
| #define HAVE_UNISTD_H 1
| #define HAVE_DLFCN_H 1
| #define LT_OBJDIR ".libs/"
| #define STDC_HEADERS 1
| #define HAVE_STDINT_H 1
| #define HAVE_STRINGS_H 1
| #define HAVE_UNISTD_H 1
| /* end confdefs.h.  */
| #include <sys/types.h>
| 		#include <sys/param.h>
| 
| int
| main ()
| {
| #if BYTE_ORDER != BIG_ENDIAN
| 		 not big endian
| 		#endif
| 
|   ;
|   return 0;
| }
configure:12834: result: no
configure:12856: checking for _snprintf
configure:12856: gcc -o conftest -g -O2   conftest.c  >&5
/usr/bin/ld: /tmp/ccSOg4Rc.o: in function `main':
/home/fg1998/fuse-fixed/libspectrum-1.5.0/conftest.c:63: undefined reference to `_snprintf'
collect2: error: ld returned 1 exit status
configure:12856: $? = 1
configure: failed program was:
| /* confdefs.h */
| #define PACKAGE_NAME "libspectrum"
| #define PACKAGE_TARNAME "libspectrum"
| #define PACKAGE_VERSION "1.5.0"
| #define PACKAGE_STRING "libspectrum 1.5.0"
| #define PACKAGE_BUGREPORT "http://sourceforge.net/p/fuse-emulator/bugs/"
| #define PACKAGE_URL "http://fuse-emulator.sourceforge.net/libspectrum.php"
| #define PACKAGE "libspectrum"
| #define VERSION "1.5.0"
| #define LIBSPECTRUM_RC_VERSION 1,5,0,0
| #define LIBSPECTRUM_COPYRIGHT "(c) 1999-2021 Philip Kendall and others"
| #define STDC_HEADERS 1
| #define HAVE_SYS_TYPES_H 1
| #define HAVE_SYS_STAT_H 1
| #define HAVE_STDLIB_H 1
| #define HAVE_STRING_H 1
| #define HAVE_MEMORY_H 1
| #define HAVE_STRINGS_H 1
| #define HAVE_INTTYPES_H 1
| #define HAVE_STDINT_H 1
| #define HAVE_UNISTD_H 1
| #define HAVE_DLFCN_H 1
| #define LT_OBJDIR ".libs/"
| #define STDC_HEADERS 1
| #define HAVE_STDINT_H 1
| #define HAVE_STRINGS_H 1
| #define HAVE_UNISTD_H 1
| /* end confdefs.h.  */
| /* Define _snprintf to an innocuous variant, in case <limits.h> declares _snprintf.
|    For example, HP-UX 11i <limits.h> declares gettimeofday.  */
| #define _snprintf innocuous__snprintf
| 
| /* System header to define __stub macros and hopefully few prototypes,
|     which can conflict with char _snprintf (); below.
|     Prefer <limits.h> to <assert.h> if __STDC__ is defined, since
|     <limits.h> exists even on freestanding compilers.  */
| 
| #ifdef __STDC__
| # include <limits.h>
| #else
| # include <assert.h>
| #endif
| 
| #undef _snprintf
| 
| /* Override any GCC internal prototype to avoid an error.
|    Use char because int might match the return type of a GCC
|    builtin and then its argument prototype would still apply.  */
| #ifdef __cplusplus
| extern "C"
| #endif
| char _snprintf ();
| /* The GNU C library defines this for functions which it implements
|     to always fail with ENOSYS.  Some functions are actually named
|     something starting with __ and the normal name is an alias.  */
| #if defined __stub__snprintf || defined __stub____snprintf
| choke me
| #endif
| 
| int
| main ()
| {
| return _snprintf ();
|   ;
|   return 0;
| }
configure:12856: result: no
configure:12856: checking for _stricmp
configure:12856: gcc -o conftest -g -O2   conftest.c  >&5
/usr/bin/ld: /tmp/cctLWesz.o: in function `main':
/home/fg1998/fuse-fixed/libspectrum-1.5.0/conftest.c:63: undefined reference to `_stricmp'
collect2: error: ld returned 1 exit status
configure:12856: $? = 1
configure: failed program was:
| /* confdefs.h */
| #define PACKAGE_NAME "libspectrum"
| #define PACKAGE_TARNAME "libspectrum"
| #define PACKAGE_VERSION "1.5.0"
| #define PACKAGE_STRING "libspectrum 1.5.0"
| #define PACKAGE_BUGREPORT "http://sourceforge.net/p/fuse-emulator/bugs/"
| #define PACKAGE_URL "http://fuse-emulator.sourceforge.net/libspectrum.php"
| #define PACKAGE "libspectrum"
| #define VERSION "1.5.0"
| #define LIBSPECTRUM_RC_VERSION 1,5,0,0
| #define LIBSPECTRUM_COPYRIGHT "(c) 1999-2021 Philip Kendall and others"
| #define STDC_HEADERS 1
| #define HAVE_SYS_TYPES_H 1
| #define HAVE_SYS_STAT_H 1
| #define HAVE_STDLIB_H 1
| #define HAVE_STRING_H 1
| #define HAVE_MEMORY_H 1
| #define HAVE_STRINGS_H 1
| #define HAVE_INTTYPES_H 1
| #define HAVE_STDINT_H 1
| #define HAVE_UNISTD_H 1
| #define HAVE_DLFCN_H 1
| #define LT_OBJDIR ".libs/"
| #define STDC_HEADERS 1
| #define HAVE_STDINT_H 1
| #define HAVE_STRINGS_H 1
| #define HAVE_UNISTD_H 1
| /* end confdefs.h.  */
| /* Define _stricmp to an innocuous variant, in case <limits.h> declares _stricmp.
|    For example, HP-UX 11i <limits.h> declares gettimeofday.  */
| #define _stricmp innocuous__stricmp
| 
| /* System header to define __stub macros and hopefully few prototypes,
|     which can conflict with char _stricmp (); below.
|     Prefer <limits.h> to <assert.h> if __STDC__ is defined, since
|     <limits.h> exists even on freestanding compilers.  */
| 
| #ifdef __STDC__
| # include <limits.h>
| #else
| # include <assert.h>
| #endif
| 
| #undef _stricmp
| 
| /* Override any GCC internal prototype to avoid an error.
|    Use char because int might match the return type of a GCC
|    builtin and then its argument prototype would still apply.  */
| #ifdef __cplusplus
| extern "C"
| #endif
| char _stricmp ();
| /* The GNU C library defines this for functions which it implements
|     to always fail with ENOSYS.  Some functions are actually named
|     something starting with __ and the normal name is an alias.  */
| #if defined __stub__stricmp || defined __stub____stricmp
| choke me
| #endif
| 
| int
| main ()
| {
| return _stricmp ();
|   ;
|   return 0;
| }
configure:12856: result: no
configure:12856: checking for _strnicmp
configure:12856: gcc -o conftest -g -O2   conftest.c  >&5
/usr/bin/ld: /tmp/ccecfxXD.o: in function `main':
/home/fg1998/fuse-fixed/libspectrum-1.5.0/conftest.c:63: undefined reference to `_strnicmp'
collect2: error: ld returned 1 exit status
configure:12856: $? = 1
configure: failed program was:
| /* confdefs.h */
| #define PACKAGE_NAME "libspectrum"
| #define PACKAGE_TARNAME "libspectrum"
| #define PACKAGE_VERSION "1.5.0"
| #define PACKAGE_STRING "libspectrum 1.5.0"
| #define PACKAGE_BUGREPORT "http://sourceforge.net/p/fuse-emulator/bugs/"
| #define PACKAGE_URL "http://fuse-emulator.sourceforge.net/libspectrum.php"
| #define PACKAGE "libspectrum"
| #define VERSION "1.5.0"
| #define LIBSPECTRUM_RC_VERSION 1,5,0,0
| #define LIBSPECTRUM_COPYRIGHT "(c) 1999-2021 Philip Kendall and others"
| #define STDC_HEADERS 1
| #define HAVE_SYS_TYPES_H 1
| #define HAVE_SYS_STAT_H 1
| #define HAVE_STDLIB_H 1
| #define HAVE_STRING_H 1
| #define HAVE_MEMORY_H 1
| #define HAVE_STRINGS_H 1
| #define HAVE_INTTYPES_H 1
| #define HAVE_STDINT_H 1
| #define HAVE_UNISTD_H 1
| #define HAVE_DLFCN_H 1
| #define LT_OBJDIR ".libs/"
| #define STDC_HEADERS 1
| #define HAVE_STDINT_H 1
| #define HAVE_STRINGS_H 1
| #define HAVE_UNISTD_H 1
| /* end confdefs.h.  */
| /* Define _strnicmp to an innocuous variant, in case <limits.h> declares _strnicmp.
|    For example, HP-UX 11i <limits.h> declares gettimeofday.  */
| #define _strnicmp innocuous__strnicmp
| 
| /* System header to define __stub macros and hopefully few prototypes,
|     which can conflict with char _strnicmp (); below.
|     Prefer <limits.h> to <assert.h> if __STDC__ is defined, since
|     <limits.h> exists even on freestanding compilers.  */
| 
| #ifdef __STDC__
| # include <limits.h>
| #else
| # include <assert.h>
| #endif
| 
| #undef _strnicmp
| 
| /* Override any GCC internal prototype to avoid an error.
|    Use char because int might match the return type of a GCC
|    builtin and then its argument prototype would still apply.  */
| #ifdef __cplusplus
| extern "C"
| #endif
| char _strnicmp ();
| /* The GNU C library defines this for functions which it implements
|     to always fail with ENOSYS.  Some functions are actually named
|     something starting with __ and the normal name is an alias.  */
| #if defined __stub__strnicmp || defined __stub____strnicmp
| choke me
| #endif
| 
| int
| main ()
| {
| return _strnicmp ();
|   ;
|   return 0;
| }
configure:12856: result: no
configure:12856: checking for snprintf
configure:12856: gcc -o conftest -g -O2   conftest.c  >&5
conftest.c:52:6: warning: conflicting types for built-in function 'snprintf'; expected 'int(char *, long unsigned int,  const char *, ...)' [-Wbuiltin-declaration-mismatch]
   52 | char snprintf ();
      |      ^~~~~~~~
conftest.c:40:1: note: 'snprintf' is declared in header '<stdio.h>'
   39 | # include <limits.h>
   40 | #else
configure:12856: $? = 0
configure:12856: result: yes
configure:12856: checking for strcasecmp
configure:12856: gcc -o conftest -g -O2   conftest.c  >&5
conftest.c:53:6: warning: conflicting types for built-in function 'strcasecmp'; expected 'int(const char *, const char *)' [-Wbuiltin-declaration-mismatch]
   53 | char strcasecmp ();
      |      ^~~~~~~~~~
configure:12856: $? = 0
configure:12856: result: yes
configure:12856: checking for strncasecmp
configure:12856: gcc -o conftest -g -O2   conftest.c  >&5
conftest.c:54:6: warning: conflicting types for built-in function 'strncasecmp'; expected 'int(const char *, const char *, long unsigned int)' [-Wbuiltin-declaration-mismatch]
   54 | char strncasecmp ();
      |      ^~~~~~~~~~~
configure:12856: $? = 0
configure:12856: result: yes
configure:12877: checking whether to use zlib
configure:12887: result: yes
configure:12893: checking zlib.h usability
configure:12893: gcc -c -g -O2  conftest.c >&5
configure:12893: $? = 0
configure:12893: result: yes
configure:12893: checking zlib.h presence
configure:12893: gcc -E  conftest.c
configure:12893: $? = 0
configure:12893: result: yes
configure:12893: checking for zlib.h
configure:12893: result: yes
configure:12898: checking for library containing compress2
configure:12929: gcc -o conftest -g -O2   conftest.c  >&5
/usr/bin/ld: /tmp/ccp2NbJ4.o: in function `main':
/home/fg1998/fuse-fixed/libspectrum-1.5.0/conftest.c:44: undefined reference to `compress2'
collect2: error: ld returned 1 exit status
configure:12929: $? = 1
configure: failed program was:
| /* confdefs.h */
| #define PACKAGE_NAME "libspectrum"
| #define PACKAGE_TARNAME "libspectrum"
| #define PACKAGE_VERSION "1.5.0"
| #define PACKAGE_STRING "libspectrum 1.5.0"
| #define PACKAGE_BUGREPORT "http://sourceforge.net/p/fuse-emulator/bugs/"
| #define PACKAGE_URL "http://fuse-emulator.sourceforge.net/libspectrum.php"
| #define PACKAGE "libspectrum"
| #define VERSION "1.5.0"
| #define LIBSPECTRUM_RC_VERSION 1,5,0,0
| #define LIBSPECTRUM_COPYRIGHT "(c) 1999-2021 Philip Kendall and others"
| #define STDC_HEADERS 1
| #define HAVE_SYS_TYPES_H 1
| #define HAVE_SYS_STAT_H 1
| #define HAVE_STDLIB_H 1
| #define HAVE_STRING_H 1
| #define HAVE_MEMORY_H 1
| #define HAVE_STRINGS_H 1
| #define HAVE_INTTYPES_H 1
| #define HAVE_STDINT_H 1
| #define HAVE_UNISTD_H 1
| #define HAVE_DLFCN_H 1
| #define LT_OBJDIR ".libs/"
| #define STDC_HEADERS 1
| #define HAVE_STDINT_H 1
| #define HAVE_STRINGS_H 1
| #define HAVE_UNISTD_H 1
| #define HAVE_SNPRINTF 1
| #define HAVE_STRCASECMP 1
| #define HAVE_STRNCASECMP 1
| #define HAVE_ZLIB_H 1
| /* end confdefs.h.  */
| 
| /* Override any GCC internal prototype to avoid an error.
|    Use char because int might match the return type of a GCC
|    builtin and then its argument prototype would still apply.  */
| #ifdef __cplusplus
| extern "C"
| #endif
| char compress2 ();
| int
| main ()
| {
| return compress2 ();
|   ;
|   return 0;
| }
configure:12929: gcc -o conftest -g -O2   conftest.c -lz   >&5
configure:12929: $? = 0
configure:12946: result: -lz
configure:12970: checking whether to use libgcrypt
configure:12980: result: yes
configure:12986: checking gcrypt.h usability
configure:12986: gcc -c -g -O2  conftest.c >&5
conftest.c:66:10: fatal error: gcrypt.h: No such file or directory
   66 | #include <gcrypt.h>
      |          ^~~~~~~~~~
compilation terminated.
configure:12986: $? = 1
configure: failed program was:
| /* confdefs.h */
| #define PACKAGE_NAME "libspectrum"
| #define PACKAGE_TARNAME "libspectrum"
| #define PACKAGE_VERSION "1.5.0"
| #define PACKAGE_STRING "libspectrum 1.5.0"
| #define PACKAGE_BUGREPORT "http://sourceforge.net/p/fuse-emulator/bugs/"
| #define PACKAGE_URL "http://fuse-emulator.sourceforge.net/libspectrum.php"
| #define PACKAGE "libspectrum"
| #define VERSION "1.5.0"
| #define LIBSPECTRUM_RC_VERSION 1,5,0,0
| #define LIBSPECTRUM_COPYRIGHT "(c) 1999-2021 Philip Kendall and others"
| #define STDC_HEADERS 1
| #define HAVE_SYS_TYPES_H 1
| #define HAVE_SYS_STAT_H 1
| #define HAVE_STDLIB_H 1
| #define HAVE_STRING_H 1
| #define HAVE_MEMORY_H 1
| #define HAVE_STRINGS_H 1
| #define HAVE_INTTYPES_H 1
| #define HAVE_STDINT_H 1
| #define HAVE_UNISTD_H 1
| #define HAVE_DLFCN_H 1
| #define LT_OBJDIR ".libs/"
| #define STDC_HEADERS 1
| #define HAVE_STDINT_H 1
| #define HAVE_STRINGS_H 1
| #define HAVE_UNISTD_H 1
| #define HAVE_SNPRINTF 1
| #define HAVE_STRCASECMP 1
| #define HAVE_STRNCASECMP 1
| #define HAVE_ZLIB_H 1
| /* end confdefs.h.  */
| #include <stdio.h>
| #ifdef HAVE_SYS_TYPES_H
| # include <sys/types.h>
| #endif
| #ifdef HAVE_SYS_STAT_H
| # include <sys/stat.h>
| #endif
| #ifdef STDC_HEADERS
| # include <stdlib.h>
| # include <stddef.h>
| #else
| # ifdef HAVE_STDLIB_H
| #  include <stdlib.h>
| # endif
| #endif
| #ifdef HAVE_STRING_H
| # if !defined STDC_HEADERS && defined HAVE_MEMORY_H
| #  include <memory.h>
| # endif
| # include <string.h>
| #endif
| #ifdef HAVE_STRINGS_H
| # include <strings.h>
| #endif
| #ifdef HAVE_INTTYPES_H
| # include <inttypes.h>
| #endif
| #ifdef HAVE_STDINT_H
| # include <stdint.h>
| #endif
| #ifdef HAVE_UNISTD_H
| # include <unistd.h>
| #endif
| #include <gcrypt.h>
configure:12986: result: no
configure:12986: checking gcrypt.h presence
configure:12986: gcc -E  conftest.c
conftest.c:33:10: fatal error: gcrypt.h: No such file or directory
   33 | #include <gcrypt.h>
      |          ^~~~~~~~~~
compilation terminated.
configure:12986: $? = 1
configure: failed program was:
| /* confdefs.h */
| #define PACKAGE_NAME "libspectrum"
| #define PACKAGE_TARNAME "libspectrum"
| #define PACKAGE_VERSION "1.5.0"
| #define PACKAGE_STRING "libspectrum 1.5.0"
| #define PACKAGE_BUGREPORT "http://sourceforge.net/p/fuse-emulator/bugs/"
| #define PACKAGE_URL "http://fuse-emulator.sourceforge.net/libspectrum.php"
| #define PACKAGE "libspectrum"
| #define VERSION "1.5.0"
| #define LIBSPECTRUM_RC_VERSION 1,5,0,0
| #define LIBSPECTRUM_COPYRIGHT "(c) 1999-2021 Philip Kendall and others"
| #define STDC_HEADERS 1
| #define HAVE_SYS_TYPES_H 1
| #define HAVE_SYS_STAT_H 1
| #define HAVE_STDLIB_H 1
| #define HAVE_STRING_H 1
| #define HAVE_MEMORY_H 1
| #define HAVE_STRINGS_H 1
| #define HAVE_INTTYPES_H 1
| #define HAVE_STDINT_H 1
| #define HAVE_UNISTD_H 1
| #define HAVE_DLFCN_H 1
| #define LT_OBJDIR ".libs/"
| #define STDC_HEADERS 1
| #define HAVE_STDINT_H 1
| #define HAVE_STRINGS_H 1
| #define HAVE_UNISTD_H 1
| #define HAVE_SNPRINTF 1
| #define HAVE_STRCASECMP 1
| #define HAVE_STRNCASECMP 1
| #define HAVE_ZLIB_H 1
| /* end confdefs.h.  */
| #include <gcrypt.h>
configure:12986: result: no
configure:12986: checking for gcrypt.h
configure:12986: result: no
configure:12999: checking whether to use libbz2
configure:13009: result: yes
configure:13013: checking bzlib.h usability
configure:13013: gcc -c -g -O2  conftest.c >&5
configure:13013: $? = 0
configure:13013: result: yes
configure:13013: checking bzlib.h presence
configure:13013: gcc -E  conftest.c
configure:13013: $? = 0
configure:13013: result: yes
configure:13013: checking for bzlib.h
configure:13013: result: yes
configure:13015: checking for BZ2_bzDecompressInit in -lbz2
configure:13040: gcc -o conftest -g -O2   conftest.c -lbz2  -lz  >&5
configure:13040: $? = 0
configure:13049: result: yes
configure:13067: checking whether to use internal GLib replacement
configure:13077: result: no
configure:13083: checking for GLIB
configure:13090: $PKG_CONFIG --exists --print-errors "glib-2.0"
configure:13093: $? = 0
configure:13107: $PKG_CONFIG --exists --print-errors "glib-2.0"
configure:13110: $? = 0
configure:13150: result: yes
configure:13194: checking whether lots of warnings requested
configure:13207: result: no
configure:13214: checking whether to use libaudiofile
configure:13224: result: yes
configure:13231: checking for AUDIOFILE
configure:13238: $PKG_CONFIG --exists --print-errors "audiofile"
configure:13241: $? = 0
configure:13255: $PKG_CONFIG --exists --print-errors "audiofile"
configure:13258: $? = 0
configure:13298: result: yes
configure:13688: checking that generated files are newer than configure
configure:13694: result: done
configure:13730: creating ./config.status

## ---------------------- ##
## Running config.status. ##
## ---------------------- ##

This file was extended by libspectrum config.status 1.5.0, which was
generated by GNU Autoconf 2.69.  Invocation command line was

  CONFIG_FILES    = 
  CONFIG_HEADERS  = 
  CONFIG_LINKS    = 
  CONFIG_COMMANDS = 
  $ ./config.status 

on raspberrypi

config.status:1123: creating Makefile
config.status:1123: creating libspectrum.qpg
config.status:1123: creating libspectrum.pc
config.status:1123: creating config.h
config.status:1352: executing depfiles commands
config.status:1352: executing libtool commands

## ---------------- ##
## Cache variables. ##
## ---------------- ##

ac_cv_build=aarch64-unknown-linux-gnu
ac_cv_c_bigendian=no
ac_cv_c_compiler_gnu=yes
ac_cv_c_const=yes
ac_cv_env_AUDIOFILE_CFLAGS_set=
ac_cv_env_AUDIOFILE_CFLAGS_value=
ac_cv_env_AUDIOFILE_LIBS_set=
ac_cv_env_AUDIOFILE_LIBS_value=
ac_cv_env_CC_set=
ac_cv_env_CC_value=
ac_cv_env_CFLAGS_set=
ac_cv_env_CFLAGS_value=
ac_cv_env_CPPFLAGS_set=
ac_cv_env_CPPFLAGS_value=
ac_cv_env_CPP_set=
ac_cv_env_CPP_value=
ac_cv_env_GLIB_CFLAGS_set=
ac_cv_env_GLIB_CFLAGS_value=
ac_cv_env_GLIB_LIBS_set=
ac_cv_env_GLIB_LIBS_value=
ac_cv_env_LDFLAGS_set=
ac_cv_env_LDFLAGS_value=
ac_cv_env_LIBS_set=
ac_cv_env_LIBS_value=
ac_cv_env_LT_SYS_LIBRARY_PATH_set=
ac_cv_env_LT_SYS_LIBRARY_PATH_value=
ac_cv_env_PKG_CONFIG_LIBDIR_set=
ac_cv_env_PKG_CONFIG_LIBDIR_value=
ac_cv_env_PKG_CONFIG_PATH_set=
ac_cv_env_PKG_CONFIG_PATH_value=
ac_cv_env_PKG_CONFIG_set=
ac_cv_env_PKG_CONFIG_value=
ac_cv_env_build_alias_set=
ac_cv_env_build_alias_value=
ac_cv_env_host_alias_set=
ac_cv_env_host_alias_value=
ac_cv_env_target_alias_set=
ac_cv_env_target_alias_value=
ac_cv_func__snprintf=no
ac_cv_func__stricmp=no
ac_cv_func__strnicmp=no
ac_cv_func_snprintf=yes
ac_cv_func_strcasecmp=yes
ac_cv_func_strncasecmp=yes
ac_cv_header_bzlib_h=yes
ac_cv_header_dlfcn_h=yes
ac_cv_header_gcrypt_h=no
ac_cv_header_inttypes_h=yes
ac_cv_header_memory_h=yes
ac_cv_header_stdc=yes
ac_cv_header_stdint_h=yes
ac_cv_header_stdlib_h=yes
ac_cv_header_string_h=yes
ac_cv_header_strings_h=yes
ac_cv_header_sys_stat_h=yes
ac_cv_header_sys_types_h=yes
ac_cv_header_unistd_h=yes
ac_cv_header_zlib_h=yes
ac_cv_host=aarch64-unknown-linux-gnu
ac_cv_lib_bz2_BZ2_bzDecompressInit=yes
ac_cv_objext=o
ac_cv_path_EGREP='/usr/bin/grep -E'
ac_cv_path_FGREP='/usr/bin/grep -F'
ac_cv_path_GREP=/usr/bin/grep
ac_cv_path_PERL=/usr/bin/perl
ac_cv_path_SED=/usr/bin/sed
ac_cv_path_ac_pt_PKG_CONFIG=/usr/bin/pkg-config
ac_cv_path_install='/usr/bin/install -c'
ac_cv_path_lt_DD=/usr/bin/dd
ac_cv_path_mkdir=/usr/bin/mkdir
ac_cv_prog_AWK=mawk
ac_cv_prog_CPP='gcc -E'
ac_cv_prog_ac_ct_AR=ar
ac_cv_prog_ac_ct_CC=gcc
ac_cv_prog_ac_ct_MANIFEST_TOOL=mt
ac_cv_prog_ac_ct_OBJDUMP=objdump
ac_cv_prog_ac_ct_RANLIB=ranlib
ac_cv_prog_ac_ct_STRIP=strip
ac_cv_prog_cc_c89=
ac_cv_prog_cc_g=yes
ac_cv_prog_make_make_set=yes
ac_cv_search_compress2=-lz
am_cv_CC_dependencies_compiler_type=gcc3
am_cv_make_support_nested_variables=yes
am_cv_prog_cc_c_o=yes
lt_cv_ar_at_file=@
lt_cv_deplibs_check_method=pass_all
lt_cv_file_magic_cmd='$MAGIC_CMD'
lt_cv_file_magic_test_file=
lt_cv_ld_reload_flag=-r
lt_cv_nm_interface='BSD nm'
lt_cv_objdir=.libs
lt_cv_path_LD=/usr/bin/ld
lt_cv_path_NM='/usr/bin/nm -B'
lt_cv_path_mainfest_tool=no
lt_cv_prog_compiler_c_o=yes
lt_cv_prog_compiler_pic='-fPIC -DPIC'
lt_cv_prog_compiler_pic_works=yes
lt_cv_prog_compiler_rtti_exceptions=no
lt_cv_prog_compiler_static_works=yes
lt_cv_prog_gnu_ld=yes
lt_cv_sharedlib_from_linklib_cmd='printf %s\n'
lt_cv_shlibpath_overrides_runpath=yes
lt_cv_sys_global_symbol_pipe='sed -n -e '\''s/^.*[	 ]\([ABCDGIRSTW][ABCDGIRSTW]*\)[	 ][	 ]*\([_A-Za-z][_A-Za-z0-9]*\)$/\1 \2 \2/p'\'' | sed '\''/ __gnu_lto/d'\'''
lt_cv_sys_global_symbol_to_c_name_address='sed -n -e '\''s/^: \(.*\) .*$/  {"\1", (void *) 0},/p'\'' -e '\''s/^[ABCDGIRSTW][ABCDGIRSTW]* .* \(.*\)$/  {"\1", (void *) \&\1},/p'\'''
lt_cv_sys_global_symbol_to_c_name_address_lib_prefix='sed -n -e '\''s/^: \(.*\) .*$/  {"\1", (void *) 0},/p'\'' -e '\''s/^[ABCDGIRSTW][ABCDGIRSTW]* .* \(lib.*\)$/  {"\1", (void *) \&\1},/p'\'' -e '\''s/^[ABCDGIRSTW][ABCDGIRSTW]* .* \(.*\)$/  {"lib\1", (void *) \&\1},/p'\'''
lt_cv_sys_global_symbol_to_cdecl='sed -n -e '\''s/^T .* \(.*\)$/extern int \1();/p'\'' -e '\''s/^[ABCDGIRSTW][ABCDGIRSTW]* .* \(.*\)$/extern char \1;/p'\'''
lt_cv_sys_global_symbol_to_import=
lt_cv_sys_max_cmd_len=1572864
lt_cv_to_host_file_cmd=func_convert_file_noop
lt_cv_to_tool_file_cmd=func_convert_file_noop
lt_cv_truncate_bin='/usr/bin/dd bs=4096 count=1'
pkg_cv_AUDIOFILE_CFLAGS=
pkg_cv_AUDIOFILE_LIBS='-laudiofile '
pkg_cv_GLIB_CFLAGS='-I/usr/include/glib-2.0 -I/usr/lib/aarch64-linux-gnu/glib-2.0/include '
pkg_cv_GLIB_LIBS='-lglib-2.0 '

## ----------------- ##
## Output variables. ##
## ----------------- ##

ACLOCAL='${SHELL} /home/fg1998/fuse-fixed/libspectrum-1.5.0/missing aclocal-1.15'
AMDEPBACKSLASH='\'
AMDEP_FALSE='#'
AMDEP_TRUE=''
AMTAR='$${TAR-tar}'
AM_BACKSLASH='\'
AM_DEFAULT_V='$(AM_DEFAULT_VERBOSITY)'
AM_DEFAULT_VERBOSITY='0'
AM_V='$(V)'
AR='ar'
AUDIOFILE_CFLAGS=''
AUDIOFILE_CONFIG=''
AUDIOFILE_LIBS='-laudiofile '
AUTOCONF='${SHELL} /home/fg1998/fuse-fixed/libspectrum-1.5.0/missing autoconf'
AUTOHEADER='${SHELL} /home/fg1998/fuse-fixed/libspectrum-1.5.0/missing autoheader'
AUTOMAKE='${SHELL} /home/fg1998/fuse-fixed/libspectrum-1.5.0/missing automake-1.15'
AWK='mawk'
CC='gcc'
CCDEPMODE='depmode=gcc3'
CC_FOR_BUILD='gcc'
CFLAGS='-g -O2 -Wall -Wwrite-strings'
CPP='gcc -E'
CPPFLAGS=''
CYGPATH_W='echo'
DEFS='-DHAVE_CONFIG_H'
DEPDIR='.deps'
DLLTOOL='false'
DSYMUTIL=''
DUMPBIN=''
ECHO_C=''
ECHO_N='-n'
ECHO_T=''
EGREP='/usr/bin/grep -E'
EXEEXT=''
FGREP='/usr/bin/grep -F'
GLIB_CFLAGS='-I/usr/include/glib-2.0 -I/usr/lib/aarch64-linux-gnu/glib-2.0/include '
GLIB_LIBS='-lglib-2.0 '
GREP='/usr/bin/grep'
HAVE_LOCK_FALSE=''
HAVE_LOCK_TRUE='#'
HAVE_ZLIB_FALSE='#'
HAVE_ZLIB_TRUE=''
INSTALL_DATA='${INSTALL} -m 644'
INSTALL_PROGRAM='${INSTALL}'
INSTALL_SCRIPT='${INSTALL}'
INSTALL_STRIP_PROGRAM='$(install_sh) -c -s'
LD='/usr/bin/ld'
LDFLAGS=''
LIBOBJS=''
LIBS='-lbz2 -lz '
LIBSPECTRUM_COPYRIGHT='(c) 1999-2021 Philip Kendall and others'
LIBSPECTRUM_FULL_VERSION='1.5.0.0'
LIBSPECTRUM_URL='http://fuse-emulator.sourceforge.net/libspectrum.php'
LIBTOOL='$(SHELL) $(top_builddir)/libtool'
LIPO=''
LN_S='ln -s'
LTLIBOBJS=''
LT_SYS_LIBRARY_PATH=''
MAKEINFO='${SHELL} /home/fg1998/fuse-fixed/libspectrum-1.5.0/missing makeinfo'
MANIFEST_TOOL=':'
MKDIR_P='/usr/bin/mkdir -p'
NM='/usr/bin/nm -B'
NMEDIT=''
OBJDUMP='objdump'
OBJEXT='o'
OTOOL64=''
OTOOL=''
PACKAGE='libspectrum'
PACKAGE_BUGREPORT='http://sourceforge.net/p/fuse-emulator/bugs/'
PACKAGE_NAME='libspectrum'
PACKAGE_STRING='libspectrum 1.5.0'
PACKAGE_TARNAME='libspectrum'
PACKAGE_URL='http://fuse-emulator.sourceforge.net/libspectrum.php'
PACKAGE_VERSION='1.5.0'
PATH_SEPARATOR=':'
PERL='/usr/bin/perl'
PKG_CONFIG='/usr/bin/pkg-config'
PKG_CONFIG_LIBDIR=''
PKG_CONFIG_PATH=''
RANLIB='ranlib'
SED='/usr/bin/sed'
SET_MAKE=''
SHELL='/bin/bash'
STRIP='strip'
USE_MYGLIB_FALSE=''
USE_MYGLIB_TRUE='#'
VERSION='1.5.0'
WINDRES=''
WINDRES_LDFLAGS=''
WINDRES_OBJ=''
ac_ct_AR='ar'
ac_ct_CC='gcc'
ac_ct_DUMPBIN=''
am__EXEEXT_FALSE=''
am__EXEEXT_TRUE='#'
am__fastdepCC_FALSE='#'
am__fastdepCC_TRUE=''
am__include='include'
am__isrc=''
am__leading_dot='.'
am__nodep='_no'
am__quote=''
am__tar='$${TAR-tar} chof - "$$tardir"'
am__untar='$${TAR-tar} xf -'
bindir='${exec_prefix}/bin'
build='aarch64-unknown-linux-gnu'
build_alias=''
build_cpu='aarch64'
build_os='linux-gnu'
build_vendor='unknown'
datadir='${datarootdir}'
datarootdir='${prefix}/share'
docdir='${datarootdir}/doc/${PACKAGE_TARNAME}'
dvidir='${docdir}'
exec_prefix='${prefix}'
host='aarch64-unknown-linux-gnu'
host_alias=''
host_cpu='aarch64'
host_os='linux-gnu'
host_vendor='unknown'
htmldir='${docdir}'
includedir='${prefix}/include'
infodir='${datarootdir}/info'
install_sh='${SHELL} /home/fg1998/fuse-fixed/libspectrum-1.5.0/install-sh'
libdir='${exec_prefix}/lib'
libexecdir='${exec_prefix}/libexec'
localedir='${datarootdir}/locale'
localstatedir='${prefix}/var'
mandir='${datarootdir}/man'
mkdir_p='$(MKDIR_P)'
oldincludedir='/usr/include'
pdfdir='${docdir}'
pkgconfigdir='${libdir}/pkgconfig'
prefix='/usr/local'
program_transform_name='s,x,x,'
psdir='${docdir}'
runstatedir='${localstatedir}/run'
sbindir='${exec_prefix}/sbin'
sharedstatedir='${prefix}/com'
sysconfdir='${prefix}/etc'
target_alias=''

## ----------- ##
## confdefs.h. ##
## ----------- ##

/* confdefs.h */
#define PACKAGE_NAME "libspectrum"
#define PACKAGE_TARNAME "libspectrum"
#define PACKAGE_VERSION "1.5.0"
#define PACKAGE_STRING "libspectrum 1.5.0"
#define PACKAGE_BUGREPORT "http://sourceforge.net/p/fuse-emulator/bugs/"
#define PACKAGE_URL "http://fuse-emulator.sourceforge.net/libspectrum.php"
#define PACKAGE "libspectrum"
#define VERSION "1.5.0"
#define LIBSPECTRUM_RC_VERSION 1,5,0,0
#define LIBSPECTRUM_COPYRIGHT "(c) 1999-2021 Philip Kendall and others"
#define STDC_HEADERS 1
#define HAVE_SYS_TYPES_H 1
#define HAVE_SYS_STAT_H 1
#define HAVE_STDLIB_H 1
#define HAVE_STRING_H 1
#define HAVE_MEMORY_H 1
#define HAVE_STRINGS_H 1
#define HAVE_INTTYPES_H 1
#define HAVE_STDINT_H 1
#define HAVE_UNISTD_H 1
#define HAVE_DLFCN_H 1
#define LT_OBJDIR ".libs/"
#define STDC_HEADERS 1
#define HAVE_STDINT_H 1
#define HAVE_STRINGS_H 1
#define HAVE_UNISTD_H 1
#define HAVE_SNPRINTF 1
#define HAVE_STRCASECMP 1
#define HAVE_STRNCASECMP 1
#define HAVE_ZLIB_H 1
#define HAVE_LIBBZ2 1
#define HAVE_LIB_GLIB 1
#define HAVE_LIB_AUDIOFILE 1

configure: exit 0
